The system is: Linux - 4.12.14-94.41-default - x86_64
Compiling the C compiler identification source file "CMakeCCompilerId.c" succeeded.
Compiler: /gpfs/u/apps/ch/opt/ncarcompilers/0.4.1/mpi/icc 
Build flags: 
Id flags:  

The output was:
0


Compilation of the C compiler identification source "CMakeCCompilerId.c" produced "a.out"

The C compiler identification is Intel, found in "/glade/u/home/junkyung/GSI/comGSIv3.7_EnKFv1.3/util/bufr_tools/CMakeFiles/3.9.1/CompilerIdC/a.out"

Compiling the CXX compiler identification source file "CMakeCXXCompilerId.cpp" succeeded.
Compiler: /gpfs/u/apps/ch/opt/ncarcompilers/0.4.1/mpi/icpc 
Build flags: 
Id flags:  

The output was:
0


Compilation of the CXX compiler identification source "CMakeCXXCompilerId.cpp" produced "a.out"

The CXX compiler identification is Intel, found in "/glade/u/home/junkyung/GSI/comGSIv3.7_EnKFv1.3/util/bufr_tools/CMakeFiles/3.9.1/CompilerIdCXX/a.out"

Determining if the C compiler works passed with the following output:
Change Dir: /glade/u/home/junkyung/GSI/comGSIv3.7_EnKFv1.3/util/bufr_tools/CMakeFiles/CMakeTmp

Run Build Command:"/usr/bin/gmake" "cmTC_aff23/fast"
/usr/bin/gmake -f CMakeFiles/cmTC_aff23.dir/build.make CMakeFiles/cmTC_aff23.dir/build
gmake[1]: Entering directory '/glade/u/home/junkyung/GSI/comGSIv3.7_EnKFv1.3/util/bufr_tools/CMakeFiles/CMakeTmp'
Building C object CMakeFiles/cmTC_aff23.dir/testCCompiler.c.o
/gpfs/u/apps/ch/opt/ncarcompilers/0.4.1/mpi/icc    -o CMakeFiles/cmTC_aff23.dir/testCCompiler.c.o   -c /glade/u/home/junkyung/GSI/comGSIv3.7_EnKFv1.3/util/bufr_tools/CMakeFiles/CMakeTmp/testCCompiler.c
Linking C executable cmTC_aff23
/glade/u/apps/ch/opt/cmake/3.9.1/gnu/4.8.5/bin/cmake -E cmake_link_script CMakeFiles/cmTC_aff23.dir/link.txt --verbose=1
/gpfs/u/apps/ch/opt/ncarcompilers/0.4.1/mpi/icc      -rdynamic CMakeFiles/cmTC_aff23.dir/testCCompiler.c.o  -o cmTC_aff23 
gmake[1]: Leaving directory '/glade/u/home/junkyung/GSI/comGSIv3.7_EnKFv1.3/util/bufr_tools/CMakeFiles/CMakeTmp'


Detecting C compiler ABI info compiled with the following output:
Change Dir: /glade/u/home/junkyung/GSI/comGSIv3.7_EnKFv1.3/util/bufr_tools/CMakeFiles/CMakeTmp

Run Build Command:"/usr/bin/gmake" "cmTC_1f662/fast"
/usr/bin/gmake -f CMakeFiles/cmTC_1f662.dir/build.make CMakeFiles/cmTC_1f662.dir/build
gmake[1]: Entering directory '/glade/u/home/junkyung/GSI/comGSIv3.7_EnKFv1.3/util/bufr_tools/CMakeFiles/CMakeTmp'
Building C object CMakeFiles/cmTC_1f662.dir/CMakeCCompilerABI.c.o
/gpfs/u/apps/ch/opt/ncarcompilers/0.4.1/mpi/icc    -o CMakeFiles/cmTC_1f662.dir/CMakeCCompilerABI.c.o   -c /glade/u/apps/ch/opt/cmake/3.9.1/gnu/4.8.5/share/cmake-3.9/Modules/CMakeCCompilerABI.c
Linking C executable cmTC_1f662
/glade/u/apps/ch/opt/cmake/3.9.1/gnu/4.8.5/bin/cmake -E cmake_link_script CMakeFiles/cmTC_1f662.dir/link.txt --verbose=1
/gpfs/u/apps/ch/opt/ncarcompilers/0.4.1/mpi/icc     -v -rdynamic CMakeFiles/cmTC_1f662.dir/CMakeCCompilerABI.c.o  -o cmTC_1f662 
icc version 18.0.1 (gcc version 4.8.0 compatibility)
/glade/u/apps/opt/intel/2018u1/compilers_and_libraries_2018.1.163/linux/bin/intel64/mcpcom    -mGLOB_em64t=TRUE -mP1OPT_version=18.0-intel64 -mGLOB_diag_file=CMakeFiles/cmTC_1f662.dir/CMakeCCompilerABI.c.diag -mGLOB_long_size_64 -mGLOB_routine_pointer_size_64 -mP1OPT_print_version=FALSE -mCG_use_gas_got_workaround=F -mP2OPT_align_option_used=TRUE -mGLOB_gcc_version=480 "-mGLOB_options_string=-I/glade/u/apps/opt/intel/2018u1/compilers_and_libraries/linux/mkl/include -I/glade/u/apps/ch/opt/netcdf/4.6.1/intel/18.0.1/include -v -rdynamic -o cmTC_1f662 -L/glade/u/apps/ch/opt/netcdf/4.6.1/intel/18.0.1/lib -L/glade/u/apps/opt/intel/2018u1/compilers_and_libraries/linux/mkl/lib/intel64 -L/glade/u/apps/ch/opt/mklaux/intel/18.0.1 -L/glade/u/apps/opt/intel/2018u1/compilers_and_libraries/linux/lib/intel64_lin -L/glade/u/apps/opt/intel/2018u1/compilers_and_libraries/linux/tbb/lib/intel64/gcc4.4 -Wl,--disable-new-dtags -Wl,-rpath,/glade/u/apps/ch/opt/netcdf/4.6.1/intel/18.0.1/lib -Wl,-rpath,/glade/u/apps/opt/intel/2018u1/compilers_and_libraries/linux/mkl/lib/intel64 -Wl,-rpath,/glade/u/apps/ch/opt/mklaux/intel/18.0.1 -Wl,-rpath,/glade/u/apps/opt/intel/2018u1/compilers_and_libraries/linux/lib/intel64_lin -Wl,-rpath,/glade/u/apps/opt/intel/2018u1/compilers_and_libraries/linux/tbb/lib/intel64/gcc4.4 -lfftw2xf_double_intel -lmkl_rt -lmkl_lapack95_lp64 -lmkl_blas95_lp64 -lm -lpthread -Wl,-Bstatic -lnetcdff -lnetcdf -lhdf5hl_fortran -lhdf5_hl -lhdf5_fortran -lhdf5 -lsz -lz -Wl,-Bdynamic -lm -ldl" -mGLOB_cxx_limited_range=FALSE -mCG_extend_parms=FALSE -mGLOB_compiler_bin_directory=/glade/u/apps/opt/intel/2018u1/compilers_and_libraries_2018.1.163/linux/bin/intel64 -mGLOB_as_output_backup_file_name=/glade/scratch/junkyung/icc04fEXMas_.s -mGLOB_dashboard_use_source_name -mIPOPT_activate -mGLOB_product_id_code=0x22006d92 -mP3OPT_use_mspp_call_convention -mP2OPT_subs_out_of_bound=FALSE -mP2OPT_disam_type_based_disam=2 -mP2OPT_disam_assume_ansi_c -mP2OPT_checked_disam_ansi_alias=TRUE -mGLOB_ansi_alias -mPGOPTI_value_profile_use=T -mGLOB_opt_report_use_source_name -mP2OPT_il0_array_sections=TRUE -mGLOB_offload_mode=1 -mP2OPT_offload_unique_var_string=icc1362674938AtGj46 -mP2OPT_hlo -mP2OPT_hpo_rtt_control=0 -mIPOPT_args_in_regs=0 -mP2OPT_disam_assume_nonstd_intent_in=FALSE -mGLOB_imf_mapping_library=/glade/u/apps/opt/intel/2018u1/compilers_and_libraries_2018.1.163/linux/bin/intel64/libiml_attr.so -mPGOPTI_gen_threadsafe_level=0 -mIPOPT_link -mIPOPT_ipo_activate -mIPOPT_mo_activate -mIPOPT_source_files_list=/glade/scratch/junkyung/iccslisiVVQve -mIPOPT_mo_global_data -mIPOPT_link_script_file=/glade/scratch/junkyung/iccscript2VKKEK "-mIPOPT_cmdline_link="/usr/lib64/gcc/x86_64-suse-linux/4.8/../../../../lib64/crt1.o" "/usr/lib64/gcc/x86_64-suse-linux/4.8/../../../../lib64/crti.o" "/usr/lib64/gcc/x86_64-suse-linux/4.8/crtbegin.o" "-export-dynamic" "--eh-frame-hdr" "--build-id" "-dynamic-linker" "/lib64/ld-linux-x86-64.so.2" "-m" "elf_x86_64" "-L/glade/u/apps/ch/opt/netcdf/4.6.1/intel/18.0.1/lib" "-L/glade/u/apps/opt/intel/2018u1/compilers_and_libraries/linux/mkl/lib/intel64" "-L/glade/u/apps/ch/opt/mklaux/intel/18.0.1" "-L/glade/u/apps/opt/intel/2018u1/compilers_and_libraries/linux/lib/intel64_lin" "-L/glade/u/apps/opt/intel/2018u1/compilers_and_libraries/linux/tbb/lib/intel64/gcc4.4" "-o" "cmTC_1f662" "-L/glade/u/apps/opt/intel/2018u1/impi/2018.1.163/intel64/lib" "-L/glade/u/apps/opt/intel/2018u1/compilers_and_libraries_2018.1.163/linux/compiler/lib/intel64_lin" "-L/usr/lib64/gcc/x86_64-suse-linux/4.8/" "-L/usr/lib64/gcc/x86_64-suse-linux/4.8/../../../../lib64" "-L/usr/lib64/gcc/x86_64-suse-linux/4.8/../../../../lib64/" "-L/lib/../lib64" "-L/lib/../lib64/" "-L/usr/lib/../lib64" "-L/usr/lib/../lib64/" "-L/glade/u/apps/opt/intel/2018u1/impi/2018.1.163/intel64/lib/" "-L/usr/lib64/gcc/x86_64-suse-linux/4.8/../../../../x86_64-suse-linux/lib/" "-L/usr/lib64/gcc/x86_64-suse-linux/4.8/../../../" "-L/lib64" "-L/lib/" "-L/usr/lib64" "-L/usr/lib" "CMakeFiles/cmTC_1f662.dir/CMakeCCompilerABI.c.o" "--disable-new-dtags" "-rpath" "/glade/u/apps/ch/opt/netcdf/4.6.1/intel/18.0.1/lib" "-rpath" "/glade/u/apps/opt/intel/2018u1/compilers_and_libraries/linux/mkl/lib/intel64" "-rpath" "/glade/u/apps/ch/opt/mklaux/intel/18.0.1" "-rpath" "/glade/u/apps/opt/intel/2018u1/compilers_and_libraries/linux/lib/intel64_lin" "-rpath" "/glade/u/apps/opt/intel/2018u1/compilers_and_libraries/linux/tbb/lib/intel64/gcc4.4" "-lfftw2xf_double_intel" "-lmkl_rt" "-lmkl_lapack95_lp64" "-lmkl_blas95_lp64" "-L/glade/u/apps/opt/intel/2018u1/compilers_and_libraries_2018.1.163/linux/compiler/lib/intel64_lin" "-Bstatic" "-limf" "-Bdynamic" "-lm" "-lpthread" "-Bstatic" "-lnetcdff" "-lnetcdf" "-lhdf5hl_fortran" "-lhdf5_hl" "-lhdf5_fortran" "-lhdf5" "-lsz" "-lz" "-Bdynamic" "-L/glade/u/apps/opt/intel/2018u1/compilers_and_libraries_2018.1.163/linux/compiler/lib/intel64_lin" "-Bstatic" "-limf" "-Bdynamic" "-lm" "-ldl" "-Bdynamic" "-Bstatic" "-limf" "-lsvml" "-lirng" "-Bdynamic" "-lm" "-Bstatic" "-lipgo" "-ldecimal" "--as-needed" "-Bdynamic" "-lcilkrts" "-lstdc++" "--no-as-needed" "-lgcc" "-lgcc_s" "-Bstatic" "-lirc" "-lsvml" "-Bdynamic" "-lc" "-lgcc" "-lgcc_s" "-Bstatic" "-lirc_s" "-Bdynamic" "-ldl" "-lc" "/usr/lib64/gcc/x86_64-suse-linux/4.8/crtend.o" "/usr/lib64/gcc/x86_64-suse-linux/4.8/../../../../lib64/crtn.o"" -mIPOPT_il_in_obj -mIPOPT_ipo_activate_warn=FALSE -mIPOPT_obj_output_file_name=/glade/scratch/junkyung/ipo_iccbCkUE7.o -mIPOPT_whole_archive_fixup_file_name=/glade/scratch/junkyung/iccwarchwL7Ysl -mGLOB_linker_version=2.31.1.20180828 -mGLOB_driver_tempfile_name=/glade/scratch/junkyung/icctempfile4KfUDR -mP3OPT_asm_target=P3OPT_ASM_TARGET_GAS -mGLOB_async_unwind_tables=TRUE -mGLOB_obj_output_file=/glade/scratch/junkyung/ipo_iccbCkUE7.o -mGLOB_source_dialect=GLOB_SOURCE_DIALECT_NONE -mP1OPT_source_file_name=ipo_out.c CMakeFiles/cmTC_1f662.dir/CMakeCCompilerABI.c.o -mIPOPT_object_files=T -mIPOPT_assembly_files=/glade/scratch/junkyung/iccalis24VsW9 -mIPOPT_generated_tempfiles=/glade/scratch/junkyung/iccelisY0Ah5F -mIPOPT_embedded_object_base_name=/glade/scratch/junkyung/icceobjQ836dc -mIPOPT_cmdline_link_new_name=/glade/scratch/junkyung/icclliszIAYmI
/usr/lib64/gcc/x86_64-suse-linux/4.8/../../../../x86_64-suse-linux/bin/ld    /usr/lib64/gcc/x86_64-suse-linux/4.8/../../../../lib64/crt1.o /usr/lib64/gcc/x86_64-suse-linux/4.8/../../../../lib64/crti.o /usr/lib64/gcc/x86_64-suse-linux/4.8/crtbegin.o -export-dynamic --eh-frame-hdr --build-id -dynamic-linker /lib64/ld-linux-x86-64.so.2 -m elf_x86_64 -L/glade/u/apps/ch/opt/netcdf/4.6.1/intel/18.0.1/lib -L/glade/u/apps/opt/intel/2018u1/compilers_and_libraries/linux/mkl/lib/intel64 -L/glade/u/apps/ch/opt/mklaux/intel/18.0.1 -L/glade/u/apps/opt/intel/2018u1/compilers_and_libraries/linux/lib/intel64_lin -L/glade/u/apps/opt/intel/2018u1/compilers_and_libraries/linux/tbb/lib/intel64/gcc4.4 -o cmTC_1f662 -L/glade/u/apps/opt/intel/2018u1/impi/2018.1.163/intel64/lib -L/glade/u/apps/opt/intel/2018u1/compilers_and_libraries_2018.1.163/linux/compiler/lib/intel64_lin -L/usr/lib64/gcc/x86_64-suse-linux/4.8/ -L/usr/lib64/gcc/x86_64-suse-linux/4.8/../../../../lib64 -L/usr/lib64/gcc/x86_64-suse-linux/4.8/../../../../lib64/ -L/lib/../lib64 -L/lib/../lib64/ -L/usr/lib/../lib64 -L/usr/lib/../lib64/ -L/glade/u/apps/opt/intel/2018u1/impi/2018.1.163/intel64/lib/ -L/usr/lib64/gcc/x86_64-suse-linux/4.8/../../../../x86_64-suse-linux/lib/ -L/usr/lib64/gcc/x86_64-suse-linux/4.8/../../../ -L/lib64 -L/lib/ -L/usr/lib64 -L/usr/lib CMakeFiles/cmTC_1f662.dir/CMakeCCompilerABI.c.o --disable-new-dtags -rpath /glade/u/apps/ch/opt/netcdf/4.6.1/intel/18.0.1/lib -rpath /glade/u/apps/opt/intel/2018u1/compilers_and_libraries/linux/mkl/lib/intel64 -rpath /glade/u/apps/ch/opt/mklaux/intel/18.0.1 -rpath /glade/u/apps/opt/intel/2018u1/compilers_and_libraries/linux/lib/intel64_lin -rpath /glade/u/apps/opt/intel/2018u1/compilers_and_libraries/linux/tbb/lib/intel64/gcc4.4 -lfftw2xf_double_intel -lmkl_rt -lmkl_lapack95_lp64 -lmkl_blas95_lp64 -L/glade/u/apps/opt/intel/2018u1/compilers_and_libraries_2018.1.163/linux/compiler/lib/intel64_lin -Bstatic -limf -Bdynamic -lm -lpthread -Bstatic -lnetcdff -lnetcdf -lhdf5hl_fortran -lhdf5_hl -lhdf5_fortran -lhdf5 -lsz -lz -Bdynamic -L/glade/u/apps/opt/intel/2018u1/compilers_and_libraries_2018.1.163/linux/compiler/lib/intel64_lin -Bstatic -limf -Bdynamic -lm -ldl -Bdynamic -Bstatic -limf -lsvml -lirng -Bdynamic -lm -Bstatic -lipgo -ldecimal --as-needed -Bdynamic -lcilkrts -lstdc++ --no-as-needed -lgcc -lgcc_s -Bstatic -lirc -lsvml -Bdynamic -lc -lgcc -lgcc_s -Bstatic -lirc_s -Bdynamic -ldl -lc /usr/lib64/gcc/x86_64-suse-linux/4.8/crtend.o /usr/lib64/gcc/x86_64-suse-linux/4.8/../../../../lib64/crtn.o
gmake[1]: Leaving directory '/glade/u/home/junkyung/GSI/comGSIv3.7_EnKFv1.3/util/bufr_tools/CMakeFiles/CMakeTmp'


Parsed C implicit link information from above output:
  link line regex: [^( *|.*[/\])(ld|CMAKE_LINK_STARTFILE-NOTFOUND|([^/\]+-)?ld|collect2)[^/\]*( |$)]
  ignore line: [Change Dir: /glade/u/home/junkyung/GSI/comGSIv3.7_EnKFv1.3/util/bufr_tools/CMakeFiles/CMakeTmp]
  ignore line: []
  ignore line: [Run Build Command:"/usr/bin/gmake" "cmTC_1f662/fast"]
  ignore line: [/usr/bin/gmake -f CMakeFiles/cmTC_1f662.dir/build.make CMakeFiles/cmTC_1f662.dir/build]
  ignore line: [gmake[1]: Entering directory '/glade/u/home/junkyung/GSI/comGSIv3.7_EnKFv1.3/util/bufr_tools/CMakeFiles/CMakeTmp']
  ignore line: [Building C object CMakeFiles/cmTC_1f662.dir/CMakeCCompilerABI.c.o]
  ignore line: [/gpfs/u/apps/ch/opt/ncarcompilers/0.4.1/mpi/icc    -o CMakeFiles/cmTC_1f662.dir/CMakeCCompilerABI.c.o   -c /glade/u/apps/ch/opt/cmake/3.9.1/gnu/4.8.5/share/cmake-3.9/Modules/CMakeCCompilerABI.c]
  ignore line: [Linking C executable cmTC_1f662]
  ignore line: [/glade/u/apps/ch/opt/cmake/3.9.1/gnu/4.8.5/bin/cmake -E cmake_link_script CMakeFiles/cmTC_1f662.dir/link.txt --verbose=1]
  ignore line: [/gpfs/u/apps/ch/opt/ncarcompilers/0.4.1/mpi/icc     -v -rdynamic CMakeFiles/cmTC_1f662.dir/CMakeCCompilerABI.c.o  -o cmTC_1f662 ]
  ignore line: [icc version 18.0.1 (gcc version 4.8.0 compatibility)]
  ignore line: [/glade/u/apps/opt/intel/2018u1/compilers_and_libraries_2018.1.163/linux/bin/intel64/mcpcom    -mGLOB_em64t=TRUE -mP1OPT_version=18.0-intel64 -mGLOB_diag_file=CMakeFiles/cmTC_1f662.dir/CMakeCCompilerABI.c.diag -mGLOB_long_size_64 -mGLOB_routine_pointer_size_64 -mP1OPT_print_version=FALSE -mCG_use_gas_got_workaround=F -mP2OPT_align_option_used=TRUE -mGLOB_gcc_version=480 "-mGLOB_options_string=-I/glade/u/apps/opt/intel/2018u1/compilers_and_libraries/linux/mkl/include -I/glade/u/apps/ch/opt/netcdf/4.6.1/intel/18.0.1/include -v -rdynamic -o cmTC_1f662 -L/glade/u/apps/ch/opt/netcdf/4.6.1/intel/18.0.1/lib -L/glade/u/apps/opt/intel/2018u1/compilers_and_libraries/linux/mkl/lib/intel64 -L/glade/u/apps/ch/opt/mklaux/intel/18.0.1 -L/glade/u/apps/opt/intel/2018u1/compilers_and_libraries/linux/lib/intel64_lin -L/glade/u/apps/opt/intel/2018u1/compilers_and_libraries/linux/tbb/lib/intel64/gcc4.4 -Wl,--disable-new-dtags -Wl,-rpath,/glade/u/apps/ch/opt/netcdf/4.6.1/intel/18.0.1/lib -Wl,-rpath,/glade/u/apps/opt/intel/2018u1/compilers_and_libraries/linux/mkl/lib/intel64 -Wl,-rpath,/glade/u/apps/ch/opt/mklaux/intel/18.0.1 -Wl,-rpath,/glade/u/apps/opt/intel/2018u1/compilers_and_libraries/linux/lib/intel64_lin -Wl,-rpath,/glade/u/apps/opt/intel/2018u1/compilers_and_libraries/linux/tbb/lib/intel64/gcc4.4 -lfftw2xf_double_intel -lmkl_rt -lmkl_lapack95_lp64 -lmkl_blas95_lp64 -lm -lpthread -Wl,-Bstatic -lnetcdff -lnetcdf -lhdf5hl_fortran -lhdf5_hl -lhdf5_fortran -lhdf5 -lsz -lz -Wl,-Bdynamic -lm -ldl" -mGLOB_cxx_limited_range=FALSE -mCG_extend_parms=FALSE -mGLOB_compiler_bin_directory=/glade/u/apps/opt/intel/2018u1/compilers_and_libraries_2018.1.163/linux/bin/intel64 -mGLOB_as_output_backup_file_name=/glade/scratch/junkyung/icc04fEXMas_.s -mGLOB_dashboard_use_source_name -mIPOPT_activate -mGLOB_product_id_code=0x22006d92 -mP3OPT_use_mspp_call_convention -mP2OPT_subs_out_of_bound=FALSE -mP2OPT_disam_type_based_disam=2 -mP2OPT_disam_assume_ansi_c -mP2OPT_checked_disam_ansi_alias=TRUE -mGLOB_ansi_alias -mPGOPTI_value_profile_use=T -mGLOB_opt_report_use_source_name -mP2OPT_il0_array_sections=TRUE -mGLOB_offload_mode=1 -mP2OPT_offload_unique_var_string=icc1362674938AtGj46 -mP2OPT_hlo -mP2OPT_hpo_rtt_control=0 -mIPOPT_args_in_regs=0 -mP2OPT_disam_assume_nonstd_intent_in=FALSE -mGLOB_imf_mapping_library=/glade/u/apps/opt/intel/2018u1/compilers_and_libraries_2018.1.163/linux/bin/intel64/libiml_attr.so -mPGOPTI_gen_threadsafe_level=0 -mIPOPT_link -mIPOPT_ipo_activate -mIPOPT_mo_activate -mIPOPT_source_files_list=/glade/scratch/junkyung/iccslisiVVQve -mIPOPT_mo_global_data -mIPOPT_link_script_file=/glade/scratch/junkyung/iccscript2VKKEK "-mIPOPT_cmdline_link="/usr/lib64/gcc/x86_64-suse-linux/4.8/../../../../lib64/crt1.o" "/usr/lib64/gcc/x86_64-suse-linux/4.8/../../../../lib64/crti.o" "/usr/lib64/gcc/x86_64-suse-linux/4.8/crtbegin.o" "-export-dynamic" "--eh-frame-hdr" "--build-id" "-dynamic-linker" "/lib64/ld-linux-x86-64.so.2" "-m" "elf_x86_64" "-L/glade/u/apps/ch/opt/netcdf/4.6.1/intel/18.0.1/lib" "-L/glade/u/apps/opt/intel/2018u1/compilers_and_libraries/linux/mkl/lib/intel64" "-L/glade/u/apps/ch/opt/mklaux/intel/18.0.1" "-L/glade/u/apps/opt/intel/2018u1/compilers_and_libraries/linux/lib/intel64_lin" "-L/glade/u/apps/opt/intel/2018u1/compilers_and_libraries/linux/tbb/lib/intel64/gcc4.4" "-o" "cmTC_1f662" "-L/glade/u/apps/opt/intel/2018u1/impi/2018.1.163/intel64/lib" "-L/glade/u/apps/opt/intel/2018u1/compilers_and_libraries_2018.1.163/linux/compiler/lib/intel64_lin" "-L/usr/lib64/gcc/x86_64-suse-linux/4.8/" "-L/usr/lib64/gcc/x86_64-suse-linux/4.8/../../../../lib64" "-L/usr/lib64/gcc/x86_64-suse-linux/4.8/../../../../lib64/" "-L/lib/../lib64" "-L/lib/../lib64/" "-L/usr/lib/../lib64" "-L/usr/lib/../lib64/" "-L/glade/u/apps/opt/intel/2018u1/impi/2018.1.163/intel64/lib/" "-L/usr/lib64/gcc/x86_64-suse-linux/4.8/../../../../x86_64-suse-linux/lib/" "-L/usr/lib64/gcc/x86_64-suse-linux/4.8/../../../" "-L/lib64" "-L/lib/" "-L/usr/lib64" "-L/usr/lib" "CMakeFiles/cmTC_1f662.dir/CMakeCCompilerABI.c.o" "--disable-new-dtags" "-rpath" "/glade/u/apps/ch/opt/netcdf/4.6.1/intel/18.0.1/lib" "-rpath" "/glade/u/apps/opt/intel/2018u1/compilers_and_libraries/linux/mkl/lib/intel64" "-rpath" "/glade/u/apps/ch/opt/mklaux/intel/18.0.1" "-rpath" "/glade/u/apps/opt/intel/2018u1/compilers_and_libraries/linux/lib/intel64_lin" "-rpath" "/glade/u/apps/opt/intel/2018u1/compilers_and_libraries/linux/tbb/lib/intel64/gcc4.4" "-lfftw2xf_double_intel" "-lmkl_rt" "-lmkl_lapack95_lp64" "-lmkl_blas95_lp64" "-L/glade/u/apps/opt/intel/2018u1/compilers_and_libraries_2018.1.163/linux/compiler/lib/intel64_lin" "-Bstatic" "-limf" "-Bdynamic" "-lm" "-lpthread" "-Bstatic" "-lnetcdff" "-lnetcdf" "-lhdf5hl_fortran" "-lhdf5_hl" "-lhdf5_fortran" "-lhdf5" "-lsz" "-lz" "-Bdynamic" "-L/glade/u/apps/opt/intel/2018u1/compilers_and_libraries_2018.1.163/linux/compiler/lib/intel64_lin" "-Bstatic" "-limf" "-Bdynamic" "-lm" "-ldl" "-Bdynamic" "-Bstatic" "-limf" "-lsvml" "-lirng" "-Bdynamic" "-lm" "-Bstatic" "-lipgo" "-ldecimal" "--as-needed" "-Bdynamic" "-lcilkrts" "-lstdc++" "--no-as-needed" "-lgcc" "-lgcc_s" "-Bstatic" "-lirc" "-lsvml" "-Bdynamic" "-lc" "-lgcc" "-lgcc_s" "-Bstatic" "-lirc_s" "-Bdynamic" "-ldl" "-lc" "/usr/lib64/gcc/x86_64-suse-linux/4.8/crtend.o" "/usr/lib64/gcc/x86_64-suse-linux/4.8/../../../../lib64/crtn.o"" -mIPOPT_il_in_obj -mIPOPT_ipo_activate_warn=FALSE -mIPOPT_obj_output_file_name=/glade/scratch/junkyung/ipo_iccbCkUE7.o -mIPOPT_whole_archive_fixup_file_name=/glade/scratch/junkyung/iccwarchwL7Ysl -mGLOB_linker_version=2.31.1.20180828 -mGLOB_driver_tempfile_name=/glade/scratch/junkyung/icctempfile4KfUDR -mP3OPT_asm_target=P3OPT_ASM_TARGET_GAS -mGLOB_async_unwind_tables=TRUE -mGLOB_obj_output_file=/glade/scratch/junkyung/ipo_iccbCkUE7.o -mGLOB_source_dialect=GLOB_SOURCE_DIALECT_NONE -mP1OPT_source_file_name=ipo_out.c CMakeFiles/cmTC_1f662.dir/CMakeCCompilerABI.c.o -mIPOPT_object_files=T -mIPOPT_assembly_files=/glade/scratch/junkyung/iccalis24VsW9 -mIPOPT_generated_tempfiles=/glade/scratch/junkyung/iccelisY0Ah5F -mIPOPT_embedded_object_base_name=/glade/scratch/junkyung/icceobjQ836dc -mIPOPT_cmdline_link_new_name=/glade/scratch/junkyung/icclliszIAYmI]
  link line: [/usr/lib64/gcc/x86_64-suse-linux/4.8/../../../../x86_64-suse-linux/bin/ld    /usr/lib64/gcc/x86_64-suse-linux/4.8/../../../../lib64/crt1.o /usr/lib64/gcc/x86_64-suse-linux/4.8/../../../../lib64/crti.o /usr/lib64/gcc/x86_64-suse-linux/4.8/crtbegin.o -export-dynamic --eh-frame-hdr --build-id -dynamic-linker /lib64/ld-linux-x86-64.so.2 -m elf_x86_64 -L/glade/u/apps/ch/opt/netcdf/4.6.1/intel/18.0.1/lib -L/glade/u/apps/opt/intel/2018u1/compilers_and_libraries/linux/mkl/lib/intel64 -L/glade/u/apps/ch/opt/mklaux/intel/18.0.1 -L/glade/u/apps/opt/intel/2018u1/compilers_and_libraries/linux/lib/intel64_lin -L/glade/u/apps/opt/intel/2018u1/compilers_and_libraries/linux/tbb/lib/intel64/gcc4.4 -o cmTC_1f662 -L/glade/u/apps/opt/intel/2018u1/impi/2018.1.163/intel64/lib -L/glade/u/apps/opt/intel/2018u1/compilers_and_libraries_2018.1.163/linux/compiler/lib/intel64_lin -L/usr/lib64/gcc/x86_64-suse-linux/4.8/ -L/usr/lib64/gcc/x86_64-suse-linux/4.8/../../../../lib64 -L/usr/lib64/gcc/x86_64-suse-linux/4.8/../../../../lib64/ -L/lib/../lib64 -L/lib/../lib64/ -L/usr/lib/../lib64 -L/usr/lib/../lib64/ -L/glade/u/apps/opt/intel/2018u1/impi/2018.1.163/intel64/lib/ -L/usr/lib64/gcc/x86_64-suse-linux/4.8/../../../../x86_64-suse-linux/lib/ -L/usr/lib64/gcc/x86_64-suse-linux/4.8/../../../ -L/lib64 -L/lib/ -L/usr/lib64 -L/usr/lib CMakeFiles/cmTC_1f662.dir/CMakeCCompilerABI.c.o --disable-new-dtags -rpath /glade/u/apps/ch/opt/netcdf/4.6.1/intel/18.0.1/lib -rpath /glade/u/apps/opt/intel/2018u1/compilers_and_libraries/linux/mkl/lib/intel64 -rpath /glade/u/apps/ch/opt/mklaux/intel/18.0.1 -rpath /glade/u/apps/opt/intel/2018u1/compilers_and_libraries/linux/lib/intel64_lin -rpath /glade/u/apps/opt/intel/2018u1/compilers_and_libraries/linux/tbb/lib/intel64/gcc4.4 -lfftw2xf_double_intel -lmkl_rt -lmkl_lapack95_lp64 -lmkl_blas95_lp64 -L/glade/u/apps/opt/intel/2018u1/compilers_and_libraries_2018.1.163/linux/compiler/lib/intel64_lin -Bstatic -limf -Bdynamic -lm -lpthread -Bstatic -lnetcdff -lnetcdf -lhdf5hl_fortran -lhdf5_hl -lhdf5_fortran -lhdf5 -lsz -lz -Bdynamic -L/glade/u/apps/opt/intel/2018u1/compilers_and_libraries_2018.1.163/linux/compiler/lib/intel64_lin -Bstatic -limf -Bdynamic -lm -ldl -Bdynamic -Bstatic -limf -lsvml -lirng -Bdynamic -lm -Bstatic -lipgo -ldecimal --as-needed -Bdynamic -lcilkrts -lstdc++ --no-as-needed -lgcc -lgcc_s -Bstatic -lirc -lsvml -Bdynamic -lc -lgcc -lgcc_s -Bstatic -lirc_s -Bdynamic -ldl -lc /usr/lib64/gcc/x86_64-suse-linux/4.8/crtend.o /usr/lib64/gcc/x86_64-suse-linux/4.8/../../../../lib64/crtn.o]
    arg [/usr/lib64/gcc/x86_64-suse-linux/4.8/../../../../x86_64-suse-linux/bin/ld] ==> ignore
    arg [/usr/lib64/gcc/x86_64-suse-linux/4.8/../../../../lib64/crt1.o] ==> ignore
    arg [/usr/lib64/gcc/x86_64-suse-linux/4.8/../../../../lib64/crti.o] ==> ignore
    arg [/usr/lib64/gcc/x86_64-suse-linux/4.8/crtbegin.o] ==> ignore
    arg [-export-dynamic] ==> ignore
    arg [--eh-frame-hdr] ==> ignore
    arg [--build-id] ==> ignore
    arg [-dynamic-linker] ==> ignore
    arg [/lib64/ld-linux-x86-64.so.2] ==> ignore
    arg [-m] ==> ignore
    arg [elf_x86_64] ==> ignore
    arg [-L/glade/u/apps/ch/opt/netcdf/4.6.1/intel/18.0.1/lib] ==> dir [/glade/u/apps/ch/opt/netcdf/4.6.1/intel/18.0.1/lib]
    arg [-L/glade/u/apps/opt/intel/2018u1/compilers_and_libraries/linux/mkl/lib/intel64] ==> dir [/glade/u/apps/opt/intel/2018u1/compilers_and_libraries/linux/mkl/lib/intel64]
    arg [-L/glade/u/apps/ch/opt/mklaux/intel/18.0.1] ==> dir [/glade/u/apps/ch/opt/mklaux/intel/18.0.1]
    arg [-L/glade/u/apps/opt/intel/2018u1/compilers_and_libraries/linux/lib/intel64_lin] ==> dir [/glade/u/apps/opt/intel/2018u1/compilers_and_libraries/linux/lib/intel64_lin]
    arg [-L/glade/u/apps/opt/intel/2018u1/compilers_and_libraries/linux/tbb/lib/intel64/gcc4.4] ==> dir [/glade/u/apps/opt/intel/2018u1/compilers_and_libraries/linux/tbb/lib/intel64/gcc4.4]
    arg [-o] ==> ignore
    arg [cmTC_1f662] ==> ignore
    arg [-L/glade/u/apps/opt/intel/2018u1/impi/2018.1.163/intel64/lib] ==> dir [/glade/u/apps/opt/intel/2018u1/impi/2018.1.163/intel64/lib]
    arg [-L/glade/u/apps/opt/intel/2018u1/compilers_and_libraries_2018.1.163/linux/compiler/lib/intel64_lin] ==> dir [/glade/u/apps/opt/intel/2018u1/compilers_and_libraries_2018.1.163/linux/compiler/lib/intel64_lin]
    arg [-L/usr/lib64/gcc/x86_64-suse-linux/4.8/] ==> dir [/usr/lib64/gcc/x86_64-suse-linux/4.8/]
    arg [-L/usr/lib64/gcc/x86_64-suse-linux/4.8/../../../../lib64] ==> dir [/usr/lib64/gcc/x86_64-suse-linux/4.8/../../../../lib64]
    arg [-L/usr/lib64/gcc/x86_64-suse-linux/4.8/../../../../lib64/] ==> dir [/usr/lib64/gcc/x86_64-suse-linux/4.8/../../../../lib64/]
    arg [-L/lib/../lib64] ==> dir [/lib/../lib64]
    arg [-L/lib/../lib64/] ==> dir [/lib/../lib64/]
    arg [-L/usr/lib/../lib64] ==> dir [/usr/lib/../lib64]
    arg [-L/usr/lib/../lib64/] ==> dir [/usr/lib/../lib64/]
    arg [-L/glade/u/apps/opt/intel/2018u1/impi/2018.1.163/intel64/lib/] ==> dir [/glade/u/apps/opt/intel/2018u1/impi/2018.1.163/intel64/lib/]
    arg [-L/usr/lib64/gcc/x86_64-suse-linux/4.8/../../../../x86_64-suse-linux/lib/] ==> dir [/usr/lib64/gcc/x86_64-suse-linux/4.8/../../../../x86_64-suse-linux/lib/]
    arg [-L/usr/lib64/gcc/x86_64-suse-linux/4.8/../../../] ==> dir [/usr/lib64/gcc/x86_64-suse-linux/4.8/../../../]
    arg [-L/lib64] ==> dir [/lib64]
    arg [-L/lib/] ==> dir [/lib/]
    arg [-L/usr/lib64] ==> dir [/usr/lib64]
    arg [-L/usr/lib] ==> dir [/usr/lib]
    arg [CMakeFiles/cmTC_1f662.dir/CMakeCCompilerABI.c.o] ==> ignore
    arg [--disable-new-dtags] ==> ignore
    arg [-rpath] ==> ignore
    arg [/glade/u/apps/ch/opt/netcdf/4.6.1/intel/18.0.1/lib] ==> ignore
    arg [-rpath] ==> ignore
    arg [/glade/u/apps/opt/intel/2018u1/compilers_and_libraries/linux/mkl/lib/intel64] ==> ignore
    arg [-rpath] ==> ignore
    arg [/glade/u/apps/ch/opt/mklaux/intel/18.0.1] ==> ignore
    arg [-rpath] ==> ignore
    arg [/glade/u/apps/opt/intel/2018u1/compilers_and_libraries/linux/lib/intel64_lin] ==> ignore
    arg [-rpath] ==> ignore
    arg [/glade/u/apps/opt/intel/2018u1/compilers_and_libraries/linux/tbb/lib/intel64/gcc4.4] ==> ignore
    arg [-lfftw2xf_double_intel] ==> lib [fftw2xf_double_intel]
    arg [-lmkl_rt] ==> lib [mkl_rt]
    arg [-lmkl_lapack95_lp64] ==> lib [mkl_lapack95_lp64]
    arg [-lmkl_blas95_lp64] ==> lib [mkl_blas95_lp64]
    arg [-L/glade/u/apps/opt/intel/2018u1/compilers_and_libraries_2018.1.163/linux/compiler/lib/intel64_lin] ==> dir [/glade/u/apps/opt/intel/2018u1/compilers_and_libraries_2018.1.163/linux/compiler/lib/intel64_lin]
    arg [-Bstatic] ==> ignore
    arg [-limf] ==> lib [imf]
    arg [-Bdynamic] ==> ignore
    arg [-lm] ==> lib [m]
    arg [-lpthread] ==> lib [pthread]
    arg [-Bstatic] ==> ignore
    arg [-lnetcdff] ==> lib [netcdff]
    arg [-lnetcdf] ==> lib [netcdf]
    arg [-lhdf5hl_fortran] ==> lib [hdf5hl_fortran]
    arg [-lhdf5_hl] ==> lib [hdf5_hl]
    arg [-lhdf5_fortran] ==> lib [hdf5_fortran]
    arg [-lhdf5] ==> lib [hdf5]
    arg [-lsz] ==> lib [sz]
    arg [-lz] ==> lib [z]
    arg [-Bdynamic] ==> ignore
    arg [-L/glade/u/apps/opt/intel/2018u1/compilers_and_libraries_2018.1.163/linux/compiler/lib/intel64_lin] ==> dir [/glade/u/apps/opt/intel/2018u1/compilers_and_libraries_2018.1.163/linux/compiler/lib/intel64_lin]
    arg [-Bstatic] ==> ignore
    arg [-limf] ==> lib [imf]
    arg [-Bdynamic] ==> ignore
    arg [-lm] ==> lib [m]
    arg [-ldl] ==> lib [dl]
    arg [-Bdynamic] ==> ignore
    arg [-Bstatic] ==> ignore
    arg [-limf] ==> lib [imf]
    arg [-lsvml] ==> lib [svml]
    arg [-lirng] ==> lib [irng]
    arg [-Bdynamic] ==> ignore
    arg [-lm] ==> lib [m]
    arg [-Bstatic] ==> ignore
    arg [-lipgo] ==> lib [ipgo]
    arg [-ldecimal] ==> lib [decimal]
    arg [--as-needed] ==> ignore
    arg [-Bdynamic] ==> ignore
    arg [-lcilkrts] ==> lib [cilkrts]
    arg [-lstdc++] ==> lib [stdc++]
    arg [--no-as-needed] ==> ignore
    arg [-lgcc] ==> lib [gcc]
    arg [-lgcc_s] ==> lib [gcc_s]
    arg [-Bstatic] ==> ignore
    arg [-lirc] ==> lib [irc]
    arg [-lsvml] ==> lib [svml]
    arg [-Bdynamic] ==> ignore
    arg [-lc] ==> lib [c]
    arg [-lgcc] ==> lib [gcc]
    arg [-lgcc_s] ==> lib [gcc_s]
    arg [-Bstatic] ==> ignore
    arg [-lirc_s] ==> lib [irc_s]
    arg [-Bdynamic] ==> ignore
    arg [-ldl] ==> lib [dl]
    arg [-lc] ==> lib [c]
    arg [/usr/lib64/gcc/x86_64-suse-linux/4.8/crtend.o] ==> ignore
    arg [/usr/lib64/gcc/x86_64-suse-linux/4.8/../../../../lib64/crtn.o] ==> ignore
  collapse library dir [/glade/u/apps/ch/opt/netcdf/4.6.1/intel/18.0.1/lib] ==> [/glade/u/apps/ch/opt/netcdf/4.6.1/intel/18.0.1/lib]
  collapse library dir [/glade/u/apps/opt/intel/2018u1/compilers_and_libraries/linux/mkl/lib/intel64] ==> [/glade/u/apps/opt/intel/2018u1/compilers_and_libraries/linux/mkl/lib/intel64]
  collapse library dir [/glade/u/apps/ch/opt/mklaux/intel/18.0.1] ==> [/glade/u/apps/ch/opt/mklaux/intel/18.0.1]
  collapse library dir [/glade/u/apps/opt/intel/2018u1/compilers_and_libraries/linux/lib/intel64_lin] ==> [/glade/u/apps/opt/intel/2018u1/compilers_and_libraries/linux/lib/intel64_lin]
  collapse library dir [/glade/u/apps/opt/intel/2018u1/compilers_and_libraries/linux/tbb/lib/intel64/gcc4.4] ==> [/glade/u/apps/opt/intel/2018u1/compilers_and_libraries/linux/tbb/lib/intel64/gcc4.4]
  collapse library dir [/glade/u/apps/opt/intel/2018u1/impi/2018.1.163/intel64/lib] ==> [/glade/u/apps/opt/intel/2018u1/impi/2018.1.163/intel64/lib]
  collapse library dir [/glade/u/apps/opt/intel/2018u1/compilers_and_libraries_2018.1.163/linux/compiler/lib/intel64_lin] ==> [/glade/u/apps/opt/intel/2018u1/compilers_and_libraries_2018.1.163/linux/compiler/lib/intel64_lin]
  collapse library dir [/usr/lib64/gcc/x86_64-suse-linux/4.8/] ==> [/usr/lib64/gcc/x86_64-suse-linux/4.8]
  collapse library dir [/usr/lib64/gcc/x86_64-suse-linux/4.8/../../../../lib64] ==> [/usr/lib64]
  collapse library dir [/usr/lib64/gcc/x86_64-suse-linux/4.8/../../../../lib64/] ==> [/usr/lib64]
  collapse library dir [/lib/../lib64] ==> [/lib64]
  collapse library dir [/lib/../lib64/] ==> [/lib64]
  collapse library dir [/usr/lib/../lib64] ==> [/usr/lib64]
  collapse library dir [/usr/lib/../lib64/] ==> [/usr/lib64]
  collapse library dir [/glade/u/apps/opt/intel/2018u1/impi/2018.1.163/intel64/lib/] ==> [/glade/u/apps/opt/intel/2018u1/impi/2018.1.163/intel64/lib]
  collapse library dir [/usr/lib64/gcc/x86_64-suse-linux/4.8/../../../../x86_64-suse-linux/lib/] ==> [/usr/x86_64-suse-linux/lib]
  collapse library dir [/usr/lib64/gcc/x86_64-suse-linux/4.8/../../../] ==> [/usr/lib64]
  collapse library dir [/lib64] ==> [/lib64]
  collapse library dir [/lib/] ==> [/lib]
  collapse library dir [/usr/lib64] ==> [/usr/lib64]
  collapse library dir [/usr/lib] ==> [/usr/lib]
  collapse library dir [/glade/u/apps/opt/intel/2018u1/compilers_and_libraries_2018.1.163/linux/compiler/lib/intel64_lin] ==> [/glade/u/apps/opt/intel/2018u1/compilers_and_libraries_2018.1.163/linux/compiler/lib/intel64_lin]
  collapse library dir [/glade/u/apps/opt/intel/2018u1/compilers_and_libraries_2018.1.163/linux/compiler/lib/intel64_lin] ==> [/glade/u/apps/opt/intel/2018u1/compilers_and_libraries_2018.1.163/linux/compiler/lib/intel64_lin]
  implicit libs: [fftw2xf_double_intel;mkl_rt;mkl_lapack95_lp64;mkl_blas95_lp64;imf;m;pthread;netcdff;netcdf;hdf5hl_fortran;hdf5_hl;hdf5_fortran;hdf5;sz;z;imf;m;dl;imf;svml;irng;m;ipgo;decimal;cilkrts;stdc++;gcc;gcc_s;irc;svml;c;gcc;gcc_s;irc_s;dl;c]
  implicit dirs: [/glade/u/apps/ch/opt/netcdf/4.6.1/intel/18.0.1/lib;/glade/u/apps/opt/intel/2018u1/compilers_and_libraries/linux/mkl/lib/intel64;/glade/u/apps/ch/opt/mklaux/intel/18.0.1;/glade/u/apps/opt/intel/2018u1/compilers_and_libraries/linux/lib/intel64_lin;/glade/u/apps/opt/intel/2018u1/compilers_and_libraries/linux/tbb/lib/intel64/gcc4.4;/glade/u/apps/opt/intel/2018u1/impi/2018.1.163/intel64/lib;/glade/u/apps/opt/intel/2018u1/compilers_and_libraries_2018.1.163/linux/compiler/lib/intel64_lin;/usr/lib64/gcc/x86_64-suse-linux/4.8;/usr/lib64;/lib64;/usr/x86_64-suse-linux/lib;/lib;/usr/lib]
  implicit fwks: []




Detecting C [-std=c11] compiler features compiled with the following output:
Change Dir: /glade/u/home/junkyung/GSI/comGSIv3.7_EnKFv1.3/util/bufr_tools/CMakeFiles/CMakeTmp

Run Build Command:"/usr/bin/gmake" "cmTC_8d3bb/fast"
/usr/bin/gmake -f CMakeFiles/cmTC_8d3bb.dir/build.make CMakeFiles/cmTC_8d3bb.dir/build
gmake[1]: Entering directory '/glade/u/home/junkyung/GSI/comGSIv3.7_EnKFv1.3/util/bufr_tools/CMakeFiles/CMakeTmp'
Building C object CMakeFiles/cmTC_8d3bb.dir/feature_tests.c.o
/gpfs/u/apps/ch/opt/ncarcompilers/0.4.1/mpi/icc   -std=c11 -o CMakeFiles/cmTC_8d3bb.dir/feature_tests.c.o   -c /glade/u/home/junkyung/GSI/comGSIv3.7_EnKFv1.3/util/bufr_tools/CMakeFiles/feature_tests.c
Linking C executable cmTC_8d3bb
/glade/u/apps/ch/opt/cmake/3.9.1/gnu/4.8.5/bin/cmake -E cmake_link_script CMakeFiles/cmTC_8d3bb.dir/link.txt --verbose=1
/gpfs/u/apps/ch/opt/ncarcompilers/0.4.1/mpi/icc      -rdynamic CMakeFiles/cmTC_8d3bb.dir/feature_tests.c.o  -o cmTC_8d3bb 
gmake[1]: Leaving directory '/glade/u/home/junkyung/GSI/comGSIv3.7_EnKFv1.3/util/bufr_tools/CMakeFiles/CMakeTmp'


    Feature record: C_FEATURE:1c_function_prototypes
    Feature record: C_FEATURE:1c_restrict
    Feature record: C_FEATURE:1c_static_assert
    Feature record: C_FEATURE:1c_variadic_macros


Detecting C [-std=c99] compiler features compiled with the following output:
Change Dir: /glade/u/home/junkyung/GSI/comGSIv3.7_EnKFv1.3/util/bufr_tools/CMakeFiles/CMakeTmp

Run Build Command:"/usr/bin/gmake" "cmTC_9ec56/fast"
/usr/bin/gmake -f CMakeFiles/cmTC_9ec56.dir/build.make CMakeFiles/cmTC_9ec56.dir/build
gmake[1]: Entering directory '/glade/u/home/junkyung/GSI/comGSIv3.7_EnKFv1.3/util/bufr_tools/CMakeFiles/CMakeTmp'
Building C object CMakeFiles/cmTC_9ec56.dir/feature_tests.c.o
/gpfs/u/apps/ch/opt/ncarcompilers/0.4.1/mpi/icc   -std=c99 -o CMakeFiles/cmTC_9ec56.dir/feature_tests.c.o   -c /glade/u/home/junkyung/GSI/comGSIv3.7_EnKFv1.3/util/bufr_tools/CMakeFiles/feature_tests.c
Linking C executable cmTC_9ec56
/glade/u/apps/ch/opt/cmake/3.9.1/gnu/4.8.5/bin/cmake -E cmake_link_script CMakeFiles/cmTC_9ec56.dir/link.txt --verbose=1
/gpfs/u/apps/ch/opt/ncarcompilers/0.4.1/mpi/icc      -rdynamic CMakeFiles/cmTC_9ec56.dir/feature_tests.c.o  -o cmTC_9ec56 
gmake[1]: Leaving directory '/glade/u/home/junkyung/GSI/comGSIv3.7_EnKFv1.3/util/bufr_tools/CMakeFiles/CMakeTmp'


    Feature record: C_FEATURE:1c_function_prototypes
    Feature record: C_FEATURE:1c_restrict
    Feature record: C_FEATURE:1c_static_assert
    Feature record: C_FEATURE:1c_variadic_macros


Detecting C [-std=c89] compiler features compiled with the following output:
Change Dir: /glade/u/home/junkyung/GSI/comGSIv3.7_EnKFv1.3/util/bufr_tools/CMakeFiles/CMakeTmp

Run Build Command:"/usr/bin/gmake" "cmTC_fa6d0/fast"
/usr/bin/gmake -f CMakeFiles/cmTC_fa6d0.dir/build.make CMakeFiles/cmTC_fa6d0.dir/build
gmake[1]: Entering directory '/glade/u/home/junkyung/GSI/comGSIv3.7_EnKFv1.3/util/bufr_tools/CMakeFiles/CMakeTmp'
Building C object CMakeFiles/cmTC_fa6d0.dir/feature_tests.c.o
/gpfs/u/apps/ch/opt/ncarcompilers/0.4.1/mpi/icc   -std=c89 -o CMakeFiles/cmTC_fa6d0.dir/feature_tests.c.o   -c /glade/u/home/junkyung/GSI/comGSIv3.7_EnKFv1.3/util/bufr_tools/CMakeFiles/feature_tests.c
Linking C executable cmTC_fa6d0
/glade/u/apps/ch/opt/cmake/3.9.1/gnu/4.8.5/bin/cmake -E cmake_link_script CMakeFiles/cmTC_fa6d0.dir/link.txt --verbose=1
/gpfs/u/apps/ch/opt/ncarcompilers/0.4.1/mpi/icc      -rdynamic CMakeFiles/cmTC_fa6d0.dir/feature_tests.c.o  -o cmTC_fa6d0 
gmake[1]: Leaving directory '/glade/u/home/junkyung/GSI/comGSIv3.7_EnKFv1.3/util/bufr_tools/CMakeFiles/CMakeTmp'


    Feature record: C_FEATURE:1c_function_prototypes
    Feature record: C_FEATURE:0c_restrict
    Feature record: C_FEATURE:0c_static_assert
    Feature record: C_FEATURE:0c_variadic_macros
Determining if the CXX compiler works passed with the following output:
Change Dir: /glade/u/home/junkyung/GSI/comGSIv3.7_EnKFv1.3/util/bufr_tools/CMakeFiles/CMakeTmp

Run Build Command:"/usr/bin/gmake" "cmTC_a2d7a/fast"
/usr/bin/gmake -f CMakeFiles/cmTC_a2d7a.dir/build.make CMakeFiles/cmTC_a2d7a.dir/build
gmake[1]: Entering directory '/glade/u/home/junkyung/GSI/comGSIv3.7_EnKFv1.3/util/bufr_tools/CMakeFiles/CMakeTmp'
Building CXX object CMakeFiles/cmTC_a2d7a.dir/testCXXCompiler.cxx.o
/gpfs/u/apps/ch/opt/ncarcompilers/0.4.1/mpi/icpc     -o CMakeFiles/cmTC_a2d7a.dir/testCXXCompiler.cxx.o -c /glade/u/home/junkyung/GSI/comGSIv3.7_EnKFv1.3/util/bufr_tools/CMakeFiles/CMakeTmp/testCXXCompiler.cxx
Linking CXX executable cmTC_a2d7a
/glade/u/apps/ch/opt/cmake/3.9.1/gnu/4.8.5/bin/cmake -E cmake_link_script CMakeFiles/cmTC_a2d7a.dir/link.txt --verbose=1
/gpfs/u/apps/ch/opt/ncarcompilers/0.4.1/mpi/icpc       -rdynamic CMakeFiles/cmTC_a2d7a.dir/testCXXCompiler.cxx.o  -o cmTC_a2d7a 
gmake[1]: Leaving directory '/glade/u/home/junkyung/GSI/comGSIv3.7_EnKFv1.3/util/bufr_tools/CMakeFiles/CMakeTmp'


Detecting CXX compiler ABI info compiled with the following output:
Change Dir: /glade/u/home/junkyung/GSI/comGSIv3.7_EnKFv1.3/util/bufr_tools/CMakeFiles/CMakeTmp

Run Build Command:"/usr/bin/gmake" "cmTC_1e88e/fast"
/usr/bin/gmake -f CMakeFiles/cmTC_1e88e.dir/build.make CMakeFiles/cmTC_1e88e.dir/build
gmake[1]: Entering directory '/glade/u/home/junkyung/GSI/comGSIv3.7_EnKFv1.3/util/bufr_tools/CMakeFiles/CMakeTmp'
Building CXX object CMakeFiles/cmTC_1e88e.dir/CMakeCXXCompilerABI.cpp.o
/gpfs/u/apps/ch/opt/ncarcompilers/0.4.1/mpi/icpc     -o CMakeFiles/cmTC_1e88e.dir/CMakeCXXCompilerABI.cpp.o -c /glade/u/apps/ch/opt/cmake/3.9.1/gnu/4.8.5/share/cmake-3.9/Modules/CMakeCXXCompilerABI.cpp
Linking CXX executable cmTC_1e88e
/glade/u/apps/ch/opt/cmake/3.9.1/gnu/4.8.5/bin/cmake -E cmake_link_script CMakeFiles/cmTC_1e88e.dir/link.txt --verbose=1
/gpfs/u/apps/ch/opt/ncarcompilers/0.4.1/mpi/icpc      -v -rdynamic CMakeFiles/cmTC_1e88e.dir/CMakeCXXCompilerABI.cpp.o  -o cmTC_1e88e 
icpc version 18.0.1 (gcc version 4.8.0 compatibility)
/glade/u/apps/opt/intel/2018u1/compilers_and_libraries_2018.1.163/linux/bin/intel64/mcpcom    -mGLOB_em64t=TRUE -mP1OPT_version=18.0-intel64 -mGLOB_diag_file=CMakeFiles/cmTC_1e88e.dir/CMakeCXXCompilerABI.cpp.diag -mGLOB_long_size_64 -mGLOB_routine_pointer_size_64 -mP1OPT_print_version=FALSE -mCG_use_gas_got_workaround=F -mP2OPT_align_option_used=TRUE -mGLOB_gcc_version=480 "-mGLOB_options_string=-I/glade/u/apps/opt/intel/2018u1/compilers_and_libraries/linux/mkl/include -I/glade/u/apps/ch/opt/netcdf/4.6.1/intel/18.0.1/include -v -rdynamic -o cmTC_1e88e -L/glade/u/apps/ch/opt/netcdf/4.6.1/intel/18.0.1/lib -L/glade/u/apps/opt/intel/2018u1/compilers_and_libraries/linux/mkl/lib/intel64 -L/glade/u/apps/ch/opt/mklaux/intel/18.0.1 -L/glade/u/apps/opt/intel/2018u1/compilers_and_libraries/linux/lib/intel64_lin -L/glade/u/apps/opt/intel/2018u1/compilers_and_libraries/linux/tbb/lib/intel64/gcc4.4 -Wl,--disable-new-dtags -Wl,-rpath,/glade/u/apps/ch/opt/netcdf/4.6.1/intel/18.0.1/lib -Wl,-rpath,/glade/u/apps/opt/intel/2018u1/compilers_and_libraries/linux/mkl/lib/intel64 -Wl,-rpath,/glade/u/apps/ch/opt/mklaux/intel/18.0.1 -Wl,-rpath,/glade/u/apps/opt/intel/2018u1/compilers_and_libraries/linux/lib/intel64_lin -Wl,-rpath,/glade/u/apps/opt/intel/2018u1/compilers_and_libraries/linux/tbb/lib/intel64/gcc4.4 -lfftw2xf_double_intel -lmkl_rt -lmkl_lapack95_lp64 -lmkl_blas95_lp64 -lm -lpthread -Wl,-Bstatic -lnetcdff -lnetcdf -lhdf5hl_fortran -lhdf5_hl -lhdf5_fortran -lhdf5 -lsz -lz -Wl,-Bdynamic -lm -ldl" -mGLOB_cxx_limited_range=FALSE -mCG_extend_parms=FALSE -mGLOB_compiler_bin_directory=/glade/u/apps/opt/intel/2018u1/compilers_and_libraries_2018.1.163/linux/bin/intel64 -mGLOB_as_output_backup_file_name=/glade/scratch/junkyung/icpcvcMOsIas_.s -mGLOB_dashboard_use_source_name -mIPOPT_activate -mGLOB_product_id_code=0x22006d8f -mP3OPT_use_mspp_call_convention -mP2OPT_subs_out_of_bound=FALSE -mP2OPT_disam_type_based_disam=2 -mP2OPT_disam_assume_ansi_c -mP2OPT_checked_disam_ansi_alias=TRUE -mGLOB_ansi_alias -mPGOPTI_value_profile_use=T -mGLOB_opt_report_use_source_name -mP2OPT_il0_array_sections=TRUE -mGLOB_offload_mode=1 -mP2OPT_offload_unique_var_string=icpc1755824873kJf8O4 -mP2OPT_hlo -mP2OPT_hpo_rtt_control=0 -mIPOPT_args_in_regs=0 -mP2OPT_disam_assume_nonstd_intent_in=FALSE -mGLOB_imf_mapping_library=/glade/u/apps/opt/intel/2018u1/compilers_and_libraries_2018.1.163/linux/bin/intel64/libiml_attr.so -mPGOPTI_gen_threadsafe_level=0 -mIPOPT_link -mIPOPT_ipo_activate -mIPOPT_mo_activate -mIPOPT_source_files_list=/glade/scratch/junkyung/icpcsliskeCQKQ -mIPOPT_mo_global_data -mIPOPT_link_script_file=/glade/scratch/junkyung/icpcscriptHSDNjt "-mIPOPT_cmdline_link="/usr/lib64/gcc/x86_64-suse-linux/4.8/../../../../lib64/crt1.o" "/usr/lib64/gcc/x86_64-suse-linux/4.8/../../../../lib64/crti.o" "/usr/lib64/gcc/x86_64-suse-linux/4.8/crtbegin.o" "-export-dynamic" "--eh-frame-hdr" "--build-id" "-dynamic-linker" "/lib64/ld-linux-x86-64.so.2" "-m" "elf_x86_64" "-L/glade/u/apps/ch/opt/netcdf/4.6.1/intel/18.0.1/lib" "-L/glade/u/apps/opt/intel/2018u1/compilers_and_libraries/linux/mkl/lib/intel64" "-L/glade/u/apps/ch/opt/mklaux/intel/18.0.1" "-L/glade/u/apps/opt/intel/2018u1/compilers_and_libraries/linux/lib/intel64_lin" "-L/glade/u/apps/opt/intel/2018u1/compilers_and_libraries/linux/tbb/lib/intel64/gcc4.4" "-o" "cmTC_1e88e" "-L/glade/u/apps/opt/intel/2018u1/impi/2018.1.163/intel64/lib" "-L/glade/u/apps/opt/intel/2018u1/compilers_and_libraries_2018.1.163/linux/compiler/lib/intel64_lin" "-L/usr/lib64/gcc/x86_64-suse-linux/4.8/" "-L/usr/lib64/gcc/x86_64-suse-linux/4.8/../../../../lib64" "-L/usr/lib64/gcc/x86_64-suse-linux/4.8/../../../../lib64/" "-L/lib/../lib64" "-L/lib/../lib64/" "-L/usr/lib/../lib64" "-L/usr/lib/../lib64/" "-L/glade/u/apps/opt/intel/2018u1/impi/2018.1.163/intel64/lib/" "-L/usr/lib64/gcc/x86_64-suse-linux/4.8/../../../../x86_64-suse-linux/lib/" "-L/usr/lib64/gcc/x86_64-suse-linux/4.8/../../../" "-L/lib64" "-L/lib/" "-L/usr/lib64" "-L/usr/lib" "CMakeFiles/cmTC_1e88e.dir/CMakeCXXCompilerABI.cpp.o" "--disable-new-dtags" "-rpath" "/glade/u/apps/ch/opt/netcdf/4.6.1/intel/18.0.1/lib" "-rpath" "/glade/u/apps/opt/intel/2018u1/compilers_and_libraries/linux/mkl/lib/intel64" "-rpath" "/glade/u/apps/ch/opt/mklaux/intel/18.0.1" "-rpath" "/glade/u/apps/opt/intel/2018u1/compilers_and_libraries/linux/lib/intel64_lin" "-rpath" "/glade/u/apps/opt/intel/2018u1/compilers_and_libraries/linux/tbb/lib/intel64/gcc4.4" "-lfftw2xf_double_intel" "-lmkl_rt" "-lmkl_lapack95_lp64" "-lmkl_blas95_lp64" "-L/glade/u/apps/opt/intel/2018u1/compilers_and_libraries_2018.1.163/linux/compiler/lib/intel64_lin" "-Bstatic" "-limf" "-Bdynamic" "-lm" "-lpthread" "-Bstatic" "-lnetcdff" "-lnetcdf" "-lhdf5hl_fortran" "-lhdf5_hl" "-lhdf5_fortran" "-lhdf5" "-lsz" "-lz" "-Bdynamic" "-L/glade/u/apps/opt/intel/2018u1/compilers_and_libraries_2018.1.163/linux/compiler/lib/intel64_lin" "-Bstatic" "-limf" "-Bdynamic" "-lm" "-ldl" "-Bdynamic" "-Bstatic" "-limf" "-lsvml" "-lirng" "-Bdynamic" "-lstdc++" "-lm" "-Bstatic" "-lipgo" "-ldecimal" "--as-needed" "-Bdynamic" "-lcilkrts" "--no-as-needed" "-lstdc++" "-lgcc" "-lgcc_s" "-Bstatic" "-lirc" "-lsvml" "-Bdynamic" "-lc" "-lgcc" "-lgcc_s" "-Bstatic" "-lirc_s" "-Bdynamic" "-ldl" "-lc" "/usr/lib64/gcc/x86_64-suse-linux/4.8/crtend.o" "/usr/lib64/gcc/x86_64-suse-linux/4.8/../../../../lib64/crtn.o"" -mIPOPT_il_in_obj -mIPOPT_ipo_activate_warn=FALSE -mIPOPT_obj_output_file_name=/glade/scratch/junkyung/ipo_icpcXkxxn7.o -mIPOPT_whole_archive_fixup_file_name=/glade/scratch/junkyung/icpcwarchgnoUeA -mGLOB_linker_version=2.31.1.20180828 -mGLOB_driver_tempfile_name=/glade/scratch/junkyung/icpctempfileCPzcQc -mP3OPT_asm_target=P3OPT_ASM_TARGET_GAS -mGLOB_async_unwind_tables=TRUE -mGLOB_obj_output_file=/glade/scratch/junkyung/ipo_icpcXkxxn7.o -mGLOB_source_dialect=GLOB_SOURCE_DIALECT_NONE -mP1OPT_source_file_name=ipo_out.c CMakeFiles/cmTC_1e88e.dir/CMakeCXXCompilerABI.cpp.o -mIPOPT_object_files=T -mIPOPT_assembly_files=/glade/scratch/junkyung/icpcalisIU8dvm -mIPOPT_generated_tempfiles=/glade/scratch/junkyung/icpcelisA7g63Y -mIPOPT_embedded_object_base_name=/glade/scratch/junkyung/icpceobj0hwZCB -mIPOPT_cmdline_link_new_name=/glade/scratch/junkyung/icpcllisCOtUbe
/usr/lib64/gcc/x86_64-suse-linux/4.8/../../../../x86_64-suse-linux/bin/ld    /usr/lib64/gcc/x86_64-suse-linux/4.8/../../../../lib64/crt1.o /usr/lib64/gcc/x86_64-suse-linux/4.8/../../../../lib64/crti.o /usr/lib64/gcc/x86_64-suse-linux/4.8/crtbegin.o -export-dynamic --eh-frame-hdr --build-id -dynamic-linker /lib64/ld-linux-x86-64.so.2 -m elf_x86_64 -L/glade/u/apps/ch/opt/netcdf/4.6.1/intel/18.0.1/lib -L/glade/u/apps/opt/intel/2018u1/compilers_and_libraries/linux/mkl/lib/intel64 -L/glade/u/apps/ch/opt/mklaux/intel/18.0.1 -L/glade/u/apps/opt/intel/2018u1/compilers_and_libraries/linux/lib/intel64_lin -L/glade/u/apps/opt/intel/2018u1/compilers_and_libraries/linux/tbb/lib/intel64/gcc4.4 -o cmTC_1e88e -L/glade/u/apps/opt/intel/2018u1/impi/2018.1.163/intel64/lib -L/glade/u/apps/opt/intel/2018u1/compilers_and_libraries_2018.1.163/linux/compiler/lib/intel64_lin -L/usr/lib64/gcc/x86_64-suse-linux/4.8/ -L/usr/lib64/gcc/x86_64-suse-linux/4.8/../../../../lib64 -L/usr/lib64/gcc/x86_64-suse-linux/4.8/../../../../lib64/ -L/lib/../lib64 -L/lib/../lib64/ -L/usr/lib/../lib64 -L/usr/lib/../lib64/ -L/glade/u/apps/opt/intel/2018u1/impi/2018.1.163/intel64/lib/ -L/usr/lib64/gcc/x86_64-suse-linux/4.8/../../../../x86_64-suse-linux/lib/ -L/usr/lib64/gcc/x86_64-suse-linux/4.8/../../../ -L/lib64 -L/lib/ -L/usr/lib64 -L/usr/lib CMakeFiles/cmTC_1e88e.dir/CMakeCXXCompilerABI.cpp.o --disable-new-dtags -rpath /glade/u/apps/ch/opt/netcdf/4.6.1/intel/18.0.1/lib -rpath /glade/u/apps/opt/intel/2018u1/compilers_and_libraries/linux/mkl/lib/intel64 -rpath /glade/u/apps/ch/opt/mklaux/intel/18.0.1 -rpath /glade/u/apps/opt/intel/2018u1/compilers_and_libraries/linux/lib/intel64_lin -rpath /glade/u/apps/opt/intel/2018u1/compilers_and_libraries/linux/tbb/lib/intel64/gcc4.4 -lfftw2xf_double_intel -lmkl_rt -lmkl_lapack95_lp64 -lmkl_blas95_lp64 -L/glade/u/apps/opt/intel/2018u1/compilers_and_libraries_2018.1.163/linux/compiler/lib/intel64_lin -Bstatic -limf -Bdynamic -lm -lpthread -Bstatic -lnetcdff -lnetcdf -lhdf5hl_fortran -lhdf5_hl -lhdf5_fortran -lhdf5 -lsz -lz -Bdynamic -L/glade/u/apps/opt/intel/2018u1/compilers_and_libraries_2018.1.163/linux/compiler/lib/intel64_lin -Bstatic -limf -Bdynamic -lm -ldl -Bdynamic -Bstatic -limf -lsvml -lirng -Bdynamic -lstdc++ -lm -Bstatic -lipgo -ldecimal --as-needed -Bdynamic -lcilkrts --no-as-needed -lstdc++ -lgcc -lgcc_s -Bstatic -lirc -lsvml -Bdynamic -lc -lgcc -lgcc_s -Bstatic -lirc_s -Bdynamic -ldl -lc /usr/lib64/gcc/x86_64-suse-linux/4.8/crtend.o /usr/lib64/gcc/x86_64-suse-linux/4.8/../../../../lib64/crtn.o
gmake[1]: Leaving directory '/glade/u/home/junkyung/GSI/comGSIv3.7_EnKFv1.3/util/bufr_tools/CMakeFiles/CMakeTmp'


Parsed CXX implicit link information from above output:
  link line regex: [^( *|.*[/\])(ld|CMAKE_LINK_STARTFILE-NOTFOUND|([^/\]+-)?ld|collect2)[^/\]*( |$)]
  ignore line: [Change Dir: /glade/u/home/junkyung/GSI/comGSIv3.7_EnKFv1.3/util/bufr_tools/CMakeFiles/CMakeTmp]
  ignore line: []
  ignore line: [Run Build Command:"/usr/bin/gmake" "cmTC_1e88e/fast"]
  ignore line: [/usr/bin/gmake -f CMakeFiles/cmTC_1e88e.dir/build.make CMakeFiles/cmTC_1e88e.dir/build]
  ignore line: [gmake[1]: Entering directory '/glade/u/home/junkyung/GSI/comGSIv3.7_EnKFv1.3/util/bufr_tools/CMakeFiles/CMakeTmp']
  ignore line: [Building CXX object CMakeFiles/cmTC_1e88e.dir/CMakeCXXCompilerABI.cpp.o]
  ignore line: [/gpfs/u/apps/ch/opt/ncarcompilers/0.4.1/mpi/icpc     -o CMakeFiles/cmTC_1e88e.dir/CMakeCXXCompilerABI.cpp.o -c /glade/u/apps/ch/opt/cmake/3.9.1/gnu/4.8.5/share/cmake-3.9/Modules/CMakeCXXCompilerABI.cpp]
  ignore line: [Linking CXX executable cmTC_1e88e]
  ignore line: [/glade/u/apps/ch/opt/cmake/3.9.1/gnu/4.8.5/bin/cmake -E cmake_link_script CMakeFiles/cmTC_1e88e.dir/link.txt --verbose=1]
  ignore line: [/gpfs/u/apps/ch/opt/ncarcompilers/0.4.1/mpi/icpc      -v -rdynamic CMakeFiles/cmTC_1e88e.dir/CMakeCXXCompilerABI.cpp.o  -o cmTC_1e88e ]
  ignore line: [icpc version 18.0.1 (gcc version 4.8.0 compatibility)]
  ignore line: [/glade/u/apps/opt/intel/2018u1/compilers_and_libraries_2018.1.163/linux/bin/intel64/mcpcom    -mGLOB_em64t=TRUE -mP1OPT_version=18.0-intel64 -mGLOB_diag_file=CMakeFiles/cmTC_1e88e.dir/CMakeCXXCompilerABI.cpp.diag -mGLOB_long_size_64 -mGLOB_routine_pointer_size_64 -mP1OPT_print_version=FALSE -mCG_use_gas_got_workaround=F -mP2OPT_align_option_used=TRUE -mGLOB_gcc_version=480 "-mGLOB_options_string=-I/glade/u/apps/opt/intel/2018u1/compilers_and_libraries/linux/mkl/include -I/glade/u/apps/ch/opt/netcdf/4.6.1/intel/18.0.1/include -v -rdynamic -o cmTC_1e88e -L/glade/u/apps/ch/opt/netcdf/4.6.1/intel/18.0.1/lib -L/glade/u/apps/opt/intel/2018u1/compilers_and_libraries/linux/mkl/lib/intel64 -L/glade/u/apps/ch/opt/mklaux/intel/18.0.1 -L/glade/u/apps/opt/intel/2018u1/compilers_and_libraries/linux/lib/intel64_lin -L/glade/u/apps/opt/intel/2018u1/compilers_and_libraries/linux/tbb/lib/intel64/gcc4.4 -Wl,--disable-new-dtags -Wl,-rpath,/glade/u/apps/ch/opt/netcdf/4.6.1/intel/18.0.1/lib -Wl,-rpath,/glade/u/apps/opt/intel/2018u1/compilers_and_libraries/linux/mkl/lib/intel64 -Wl,-rpath,/glade/u/apps/ch/opt/mklaux/intel/18.0.1 -Wl,-rpath,/glade/u/apps/opt/intel/2018u1/compilers_and_libraries/linux/lib/intel64_lin -Wl,-rpath,/glade/u/apps/opt/intel/2018u1/compilers_and_libraries/linux/tbb/lib/intel64/gcc4.4 -lfftw2xf_double_intel -lmkl_rt -lmkl_lapack95_lp64 -lmkl_blas95_lp64 -lm -lpthread -Wl,-Bstatic -lnetcdff -lnetcdf -lhdf5hl_fortran -lhdf5_hl -lhdf5_fortran -lhdf5 -lsz -lz -Wl,-Bdynamic -lm -ldl" -mGLOB_cxx_limited_range=FALSE -mCG_extend_parms=FALSE -mGLOB_compiler_bin_directory=/glade/u/apps/opt/intel/2018u1/compilers_and_libraries_2018.1.163/linux/bin/intel64 -mGLOB_as_output_backup_file_name=/glade/scratch/junkyung/icpcvcMOsIas_.s -mGLOB_dashboard_use_source_name -mIPOPT_activate -mGLOB_product_id_code=0x22006d8f -mP3OPT_use_mspp_call_convention -mP2OPT_subs_out_of_bound=FALSE -mP2OPT_disam_type_based_disam=2 -mP2OPT_disam_assume_ansi_c -mP2OPT_checked_disam_ansi_alias=TRUE -mGLOB_ansi_alias -mPGOPTI_value_profile_use=T -mGLOB_opt_report_use_source_name -mP2OPT_il0_array_sections=TRUE -mGLOB_offload_mode=1 -mP2OPT_offload_unique_var_string=icpc1755824873kJf8O4 -mP2OPT_hlo -mP2OPT_hpo_rtt_control=0 -mIPOPT_args_in_regs=0 -mP2OPT_disam_assume_nonstd_intent_in=FALSE -mGLOB_imf_mapping_library=/glade/u/apps/opt/intel/2018u1/compilers_and_libraries_2018.1.163/linux/bin/intel64/libiml_attr.so -mPGOPTI_gen_threadsafe_level=0 -mIPOPT_link -mIPOPT_ipo_activate -mIPOPT_mo_activate -mIPOPT_source_files_list=/glade/scratch/junkyung/icpcsliskeCQKQ -mIPOPT_mo_global_data -mIPOPT_link_script_file=/glade/scratch/junkyung/icpcscriptHSDNjt "-mIPOPT_cmdline_link="/usr/lib64/gcc/x86_64-suse-linux/4.8/../../../../lib64/crt1.o" "/usr/lib64/gcc/x86_64-suse-linux/4.8/../../../../lib64/crti.o" "/usr/lib64/gcc/x86_64-suse-linux/4.8/crtbegin.o" "-export-dynamic" "--eh-frame-hdr" "--build-id" "-dynamic-linker" "/lib64/ld-linux-x86-64.so.2" "-m" "elf_x86_64" "-L/glade/u/apps/ch/opt/netcdf/4.6.1/intel/18.0.1/lib" "-L/glade/u/apps/opt/intel/2018u1/compilers_and_libraries/linux/mkl/lib/intel64" "-L/glade/u/apps/ch/opt/mklaux/intel/18.0.1" "-L/glade/u/apps/opt/intel/2018u1/compilers_and_libraries/linux/lib/intel64_lin" "-L/glade/u/apps/opt/intel/2018u1/compilers_and_libraries/linux/tbb/lib/intel64/gcc4.4" "-o" "cmTC_1e88e" "-L/glade/u/apps/opt/intel/2018u1/impi/2018.1.163/intel64/lib" "-L/glade/u/apps/opt/intel/2018u1/compilers_and_libraries_2018.1.163/linux/compiler/lib/intel64_lin" "-L/usr/lib64/gcc/x86_64-suse-linux/4.8/" "-L/usr/lib64/gcc/x86_64-suse-linux/4.8/../../../../lib64" "-L/usr/lib64/gcc/x86_64-suse-linux/4.8/../../../../lib64/" "-L/lib/../lib64" "-L/lib/../lib64/" "-L/usr/lib/../lib64" "-L/usr/lib/../lib64/" "-L/glade/u/apps/opt/intel/2018u1/impi/2018.1.163/intel64/lib/" "-L/usr/lib64/gcc/x86_64-suse-linux/4.8/../../../../x86_64-suse-linux/lib/" "-L/usr/lib64/gcc/x86_64-suse-linux/4.8/../../../" "-L/lib64" "-L/lib/" "-L/usr/lib64" "-L/usr/lib" "CMakeFiles/cmTC_1e88e.dir/CMakeCXXCompilerABI.cpp.o" "--disable-new-dtags" "-rpath" "/glade/u/apps/ch/opt/netcdf/4.6.1/intel/18.0.1/lib" "-rpath" "/glade/u/apps/opt/intel/2018u1/compilers_and_libraries/linux/mkl/lib/intel64" "-rpath" "/glade/u/apps/ch/opt/mklaux/intel/18.0.1" "-rpath" "/glade/u/apps/opt/intel/2018u1/compilers_and_libraries/linux/lib/intel64_lin" "-rpath" "/glade/u/apps/opt/intel/2018u1/compilers_and_libraries/linux/tbb/lib/intel64/gcc4.4" "-lfftw2xf_double_intel" "-lmkl_rt" "-lmkl_lapack95_lp64" "-lmkl_blas95_lp64" "-L/glade/u/apps/opt/intel/2018u1/compilers_and_libraries_2018.1.163/linux/compiler/lib/intel64_lin" "-Bstatic" "-limf" "-Bdynamic" "-lm" "-lpthread" "-Bstatic" "-lnetcdff" "-lnetcdf" "-lhdf5hl_fortran" "-lhdf5_hl" "-lhdf5_fortran" "-lhdf5" "-lsz" "-lz" "-Bdynamic" "-L/glade/u/apps/opt/intel/2018u1/compilers_and_libraries_2018.1.163/linux/compiler/lib/intel64_lin" "-Bstatic" "-limf" "-Bdynamic" "-lm" "-ldl" "-Bdynamic" "-Bstatic" "-limf" "-lsvml" "-lirng" "-Bdynamic" "-lstdc++" "-lm" "-Bstatic" "-lipgo" "-ldecimal" "--as-needed" "-Bdynamic" "-lcilkrts" "--no-as-needed" "-lstdc++" "-lgcc" "-lgcc_s" "-Bstatic" "-lirc" "-lsvml" "-Bdynamic" "-lc" "-lgcc" "-lgcc_s" "-Bstatic" "-lirc_s" "-Bdynamic" "-ldl" "-lc" "/usr/lib64/gcc/x86_64-suse-linux/4.8/crtend.o" "/usr/lib64/gcc/x86_64-suse-linux/4.8/../../../../lib64/crtn.o"" -mIPOPT_il_in_obj -mIPOPT_ipo_activate_warn=FALSE -mIPOPT_obj_output_file_name=/glade/scratch/junkyung/ipo_icpcXkxxn7.o -mIPOPT_whole_archive_fixup_file_name=/glade/scratch/junkyung/icpcwarchgnoUeA -mGLOB_linker_version=2.31.1.20180828 -mGLOB_driver_tempfile_name=/glade/scratch/junkyung/icpctempfileCPzcQc -mP3OPT_asm_target=P3OPT_ASM_TARGET_GAS -mGLOB_async_unwind_tables=TRUE -mGLOB_obj_output_file=/glade/scratch/junkyung/ipo_icpcXkxxn7.o -mGLOB_source_dialect=GLOB_SOURCE_DIALECT_NONE -mP1OPT_source_file_name=ipo_out.c CMakeFiles/cmTC_1e88e.dir/CMakeCXXCompilerABI.cpp.o -mIPOPT_object_files=T -mIPOPT_assembly_files=/glade/scratch/junkyung/icpcalisIU8dvm -mIPOPT_generated_tempfiles=/glade/scratch/junkyung/icpcelisA7g63Y -mIPOPT_embedded_object_base_name=/glade/scratch/junkyung/icpceobj0hwZCB -mIPOPT_cmdline_link_new_name=/glade/scratch/junkyung/icpcllisCOtUbe]
  link line: [/usr/lib64/gcc/x86_64-suse-linux/4.8/../../../../x86_64-suse-linux/bin/ld    /usr/lib64/gcc/x86_64-suse-linux/4.8/../../../../lib64/crt1.o /usr/lib64/gcc/x86_64-suse-linux/4.8/../../../../lib64/crti.o /usr/lib64/gcc/x86_64-suse-linux/4.8/crtbegin.o -export-dynamic --eh-frame-hdr --build-id -dynamic-linker /lib64/ld-linux-x86-64.so.2 -m elf_x86_64 -L/glade/u/apps/ch/opt/netcdf/4.6.1/intel/18.0.1/lib -L/glade/u/apps/opt/intel/2018u1/compilers_and_libraries/linux/mkl/lib/intel64 -L/glade/u/apps/ch/opt/mklaux/intel/18.0.1 -L/glade/u/apps/opt/intel/2018u1/compilers_and_libraries/linux/lib/intel64_lin -L/glade/u/apps/opt/intel/2018u1/compilers_and_libraries/linux/tbb/lib/intel64/gcc4.4 -o cmTC_1e88e -L/glade/u/apps/opt/intel/2018u1/impi/2018.1.163/intel64/lib -L/glade/u/apps/opt/intel/2018u1/compilers_and_libraries_2018.1.163/linux/compiler/lib/intel64_lin -L/usr/lib64/gcc/x86_64-suse-linux/4.8/ -L/usr/lib64/gcc/x86_64-suse-linux/4.8/../../../../lib64 -L/usr/lib64/gcc/x86_64-suse-linux/4.8/../../../../lib64/ -L/lib/../lib64 -L/lib/../lib64/ -L/usr/lib/../lib64 -L/usr/lib/../lib64/ -L/glade/u/apps/opt/intel/2018u1/impi/2018.1.163/intel64/lib/ -L/usr/lib64/gcc/x86_64-suse-linux/4.8/../../../../x86_64-suse-linux/lib/ -L/usr/lib64/gcc/x86_64-suse-linux/4.8/../../../ -L/lib64 -L/lib/ -L/usr/lib64 -L/usr/lib CMakeFiles/cmTC_1e88e.dir/CMakeCXXCompilerABI.cpp.o --disable-new-dtags -rpath /glade/u/apps/ch/opt/netcdf/4.6.1/intel/18.0.1/lib -rpath /glade/u/apps/opt/intel/2018u1/compilers_and_libraries/linux/mkl/lib/intel64 -rpath /glade/u/apps/ch/opt/mklaux/intel/18.0.1 -rpath /glade/u/apps/opt/intel/2018u1/compilers_and_libraries/linux/lib/intel64_lin -rpath /glade/u/apps/opt/intel/2018u1/compilers_and_libraries/linux/tbb/lib/intel64/gcc4.4 -lfftw2xf_double_intel -lmkl_rt -lmkl_lapack95_lp64 -lmkl_blas95_lp64 -L/glade/u/apps/opt/intel/2018u1/compilers_and_libraries_2018.1.163/linux/compiler/lib/intel64_lin -Bstatic -limf -Bdynamic -lm -lpthread -Bstatic -lnetcdff -lnetcdf -lhdf5hl_fortran -lhdf5_hl -lhdf5_fortran -lhdf5 -lsz -lz -Bdynamic -L/glade/u/apps/opt/intel/2018u1/compilers_and_libraries_2018.1.163/linux/compiler/lib/intel64_lin -Bstatic -limf -Bdynamic -lm -ldl -Bdynamic -Bstatic -limf -lsvml -lirng -Bdynamic -lstdc++ -lm -Bstatic -lipgo -ldecimal --as-needed -Bdynamic -lcilkrts --no-as-needed -lstdc++ -lgcc -lgcc_s -Bstatic -lirc -lsvml -Bdynamic -lc -lgcc -lgcc_s -Bstatic -lirc_s -Bdynamic -ldl -lc /usr/lib64/gcc/x86_64-suse-linux/4.8/crtend.o /usr/lib64/gcc/x86_64-suse-linux/4.8/../../../../lib64/crtn.o]
    arg [/usr/lib64/gcc/x86_64-suse-linux/4.8/../../../../x86_64-suse-linux/bin/ld] ==> ignore
    arg [/usr/lib64/gcc/x86_64-suse-linux/4.8/../../../../lib64/crt1.o] ==> ignore
    arg [/usr/lib64/gcc/x86_64-suse-linux/4.8/../../../../lib64/crti.o] ==> ignore
    arg [/usr/lib64/gcc/x86_64-suse-linux/4.8/crtbegin.o] ==> ignore
    arg [-export-dynamic] ==> ignore
    arg [--eh-frame-hdr] ==> ignore
    arg [--build-id] ==> ignore
    arg [-dynamic-linker] ==> ignore
    arg [/lib64/ld-linux-x86-64.so.2] ==> ignore
    arg [-m] ==> ignore
    arg [elf_x86_64] ==> ignore
    arg [-L/glade/u/apps/ch/opt/netcdf/4.6.1/intel/18.0.1/lib] ==> dir [/glade/u/apps/ch/opt/netcdf/4.6.1/intel/18.0.1/lib]
    arg [-L/glade/u/apps/opt/intel/2018u1/compilers_and_libraries/linux/mkl/lib/intel64] ==> dir [/glade/u/apps/opt/intel/2018u1/compilers_and_libraries/linux/mkl/lib/intel64]
    arg [-L/glade/u/apps/ch/opt/mklaux/intel/18.0.1] ==> dir [/glade/u/apps/ch/opt/mklaux/intel/18.0.1]
    arg [-L/glade/u/apps/opt/intel/2018u1/compilers_and_libraries/linux/lib/intel64_lin] ==> dir [/glade/u/apps/opt/intel/2018u1/compilers_and_libraries/linux/lib/intel64_lin]
    arg [-L/glade/u/apps/opt/intel/2018u1/compilers_and_libraries/linux/tbb/lib/intel64/gcc4.4] ==> dir [/glade/u/apps/opt/intel/2018u1/compilers_and_libraries/linux/tbb/lib/intel64/gcc4.4]
    arg [-o] ==> ignore
    arg [cmTC_1e88e] ==> ignore
    arg [-L/glade/u/apps/opt/intel/2018u1/impi/2018.1.163/intel64/lib] ==> dir [/glade/u/apps/opt/intel/2018u1/impi/2018.1.163/intel64/lib]
    arg [-L/glade/u/apps/opt/intel/2018u1/compilers_and_libraries_2018.1.163/linux/compiler/lib/intel64_lin] ==> dir [/glade/u/apps/opt/intel/2018u1/compilers_and_libraries_2018.1.163/linux/compiler/lib/intel64_lin]
    arg [-L/usr/lib64/gcc/x86_64-suse-linux/4.8/] ==> dir [/usr/lib64/gcc/x86_64-suse-linux/4.8/]
    arg [-L/usr/lib64/gcc/x86_64-suse-linux/4.8/../../../../lib64] ==> dir [/usr/lib64/gcc/x86_64-suse-linux/4.8/../../../../lib64]
    arg [-L/usr/lib64/gcc/x86_64-suse-linux/4.8/../../../../lib64/] ==> dir [/usr/lib64/gcc/x86_64-suse-linux/4.8/../../../../lib64/]
    arg [-L/lib/../lib64] ==> dir [/lib/../lib64]
    arg [-L/lib/../lib64/] ==> dir [/lib/../lib64/]
    arg [-L/usr/lib/../lib64] ==> dir [/usr/lib/../lib64]
    arg [-L/usr/lib/../lib64/] ==> dir [/usr/lib/../lib64/]
    arg [-L/glade/u/apps/opt/intel/2018u1/impi/2018.1.163/intel64/lib/] ==> dir [/glade/u/apps/opt/intel/2018u1/impi/2018.1.163/intel64/lib/]
    arg [-L/usr/lib64/gcc/x86_64-suse-linux/4.8/../../../../x86_64-suse-linux/lib/] ==> dir [/usr/lib64/gcc/x86_64-suse-linux/4.8/../../../../x86_64-suse-linux/lib/]
    arg [-L/usr/lib64/gcc/x86_64-suse-linux/4.8/../../../] ==> dir [/usr/lib64/gcc/x86_64-suse-linux/4.8/../../../]
    arg [-L/lib64] ==> dir [/lib64]
    arg [-L/lib/] ==> dir [/lib/]
    arg [-L/usr/lib64] ==> dir [/usr/lib64]
    arg [-L/usr/lib] ==> dir [/usr/lib]
    arg [CMakeFiles/cmTC_1e88e.dir/CMakeCXXCompilerABI.cpp.o] ==> ignore
    arg [--disable-new-dtags] ==> ignore
    arg [-rpath] ==> ignore
    arg [/glade/u/apps/ch/opt/netcdf/4.6.1/intel/18.0.1/lib] ==> ignore
    arg [-rpath] ==> ignore
    arg [/glade/u/apps/opt/intel/2018u1/compilers_and_libraries/linux/mkl/lib/intel64] ==> ignore
    arg [-rpath] ==> ignore
    arg [/glade/u/apps/ch/opt/mklaux/intel/18.0.1] ==> ignore
    arg [-rpath] ==> ignore
    arg [/glade/u/apps/opt/intel/2018u1/compilers_and_libraries/linux/lib/intel64_lin] ==> ignore
    arg [-rpath] ==> ignore
    arg [/glade/u/apps/opt/intel/2018u1/compilers_and_libraries/linux/tbb/lib/intel64/gcc4.4] ==> ignore
    arg [-lfftw2xf_double_intel] ==> lib [fftw2xf_double_intel]
    arg [-lmkl_rt] ==> lib [mkl_rt]
    arg [-lmkl_lapack95_lp64] ==> lib [mkl_lapack95_lp64]
    arg [-lmkl_blas95_lp64] ==> lib [mkl_blas95_lp64]
    arg [-L/glade/u/apps/opt/intel/2018u1/compilers_and_libraries_2018.1.163/linux/compiler/lib/intel64_lin] ==> dir [/glade/u/apps/opt/intel/2018u1/compilers_and_libraries_2018.1.163/linux/compiler/lib/intel64_lin]
    arg [-Bstatic] ==> ignore
    arg [-limf] ==> lib [imf]
    arg [-Bdynamic] ==> ignore
    arg [-lm] ==> lib [m]
    arg [-lpthread] ==> lib [pthread]
    arg [-Bstatic] ==> ignore
    arg [-lnetcdff] ==> lib [netcdff]
    arg [-lnetcdf] ==> lib [netcdf]
    arg [-lhdf5hl_fortran] ==> lib [hdf5hl_fortran]
    arg [-lhdf5_hl] ==> lib [hdf5_hl]
    arg [-lhdf5_fortran] ==> lib [hdf5_fortran]
    arg [-lhdf5] ==> lib [hdf5]
    arg [-lsz] ==> lib [sz]
    arg [-lz] ==> lib [z]
    arg [-Bdynamic] ==> ignore
    arg [-L/glade/u/apps/opt/intel/2018u1/compilers_and_libraries_2018.1.163/linux/compiler/lib/intel64_lin] ==> dir [/glade/u/apps/opt/intel/2018u1/compilers_and_libraries_2018.1.163/linux/compiler/lib/intel64_lin]
    arg [-Bstatic] ==> ignore
    arg [-limf] ==> lib [imf]
    arg [-Bdynamic] ==> ignore
    arg [-lm] ==> lib [m]
    arg [-ldl] ==> lib [dl]
    arg [-Bdynamic] ==> ignore
    arg [-Bstatic] ==> ignore
    arg [-limf] ==> lib [imf]
    arg [-lsvml] ==> lib [svml]
    arg [-lirng] ==> lib [irng]
    arg [-Bdynamic] ==> ignore
    arg [-lstdc++] ==> lib [stdc++]
    arg [-lm] ==> lib [m]
    arg [-Bstatic] ==> ignore
    arg [-lipgo] ==> lib [ipgo]
    arg [-ldecimal] ==> lib [decimal]
    arg [--as-needed] ==> ignore
    arg [-Bdynamic] ==> ignore
    arg [-lcilkrts] ==> lib [cilkrts]
    arg [--no-as-needed] ==> ignore
    arg [-lstdc++] ==> lib [stdc++]
    arg [-lgcc] ==> lib [gcc]
    arg [-lgcc_s] ==> lib [gcc_s]
    arg [-Bstatic] ==> ignore
    arg [-lirc] ==> lib [irc]
    arg [-lsvml] ==> lib [svml]
    arg [-Bdynamic] ==> ignore
    arg [-lc] ==> lib [c]
    arg [-lgcc] ==> lib [gcc]
    arg [-lgcc_s] ==> lib [gcc_s]
    arg [-Bstatic] ==> ignore
    arg [-lirc_s] ==> lib [irc_s]
    arg [-Bdynamic] ==> ignore
    arg [-ldl] ==> lib [dl]
    arg [-lc] ==> lib [c]
    arg [/usr/lib64/gcc/x86_64-suse-linux/4.8/crtend.o] ==> ignore
    arg [/usr/lib64/gcc/x86_64-suse-linux/4.8/../../../../lib64/crtn.o] ==> ignore
  collapse library dir [/glade/u/apps/ch/opt/netcdf/4.6.1/intel/18.0.1/lib] ==> [/glade/u/apps/ch/opt/netcdf/4.6.1/intel/18.0.1/lib]
  collapse library dir [/glade/u/apps/opt/intel/2018u1/compilers_and_libraries/linux/mkl/lib/intel64] ==> [/glade/u/apps/opt/intel/2018u1/compilers_and_libraries/linux/mkl/lib/intel64]
  collapse library dir [/glade/u/apps/ch/opt/mklaux/intel/18.0.1] ==> [/glade/u/apps/ch/opt/mklaux/intel/18.0.1]
  collapse library dir [/glade/u/apps/opt/intel/2018u1/compilers_and_libraries/linux/lib/intel64_lin] ==> [/glade/u/apps/opt/intel/2018u1/compilers_and_libraries/linux/lib/intel64_lin]
  collapse library dir [/glade/u/apps/opt/intel/2018u1/compilers_and_libraries/linux/tbb/lib/intel64/gcc4.4] ==> [/glade/u/apps/opt/intel/2018u1/compilers_and_libraries/linux/tbb/lib/intel64/gcc4.4]
  collapse library dir [/glade/u/apps/opt/intel/2018u1/impi/2018.1.163/intel64/lib] ==> [/glade/u/apps/opt/intel/2018u1/impi/2018.1.163/intel64/lib]
  collapse library dir [/glade/u/apps/opt/intel/2018u1/compilers_and_libraries_2018.1.163/linux/compiler/lib/intel64_lin] ==> [/glade/u/apps/opt/intel/2018u1/compilers_and_libraries_2018.1.163/linux/compiler/lib/intel64_lin]
  collapse library dir [/usr/lib64/gcc/x86_64-suse-linux/4.8/] ==> [/usr/lib64/gcc/x86_64-suse-linux/4.8]
  collapse library dir [/usr/lib64/gcc/x86_64-suse-linux/4.8/../../../../lib64] ==> [/usr/lib64]
  collapse library dir [/usr/lib64/gcc/x86_64-suse-linux/4.8/../../../../lib64/] ==> [/usr/lib64]
  collapse library dir [/lib/../lib64] ==> [/lib64]
  collapse library dir [/lib/../lib64/] ==> [/lib64]
  collapse library dir [/usr/lib/../lib64] ==> [/usr/lib64]
  collapse library dir [/usr/lib/../lib64/] ==> [/usr/lib64]
  collapse library dir [/glade/u/apps/opt/intel/2018u1/impi/2018.1.163/intel64/lib/] ==> [/glade/u/apps/opt/intel/2018u1/impi/2018.1.163/intel64/lib]
  collapse library dir [/usr/lib64/gcc/x86_64-suse-linux/4.8/../../../../x86_64-suse-linux/lib/] ==> [/usr/x86_64-suse-linux/lib]
  collapse library dir [/usr/lib64/gcc/x86_64-suse-linux/4.8/../../../] ==> [/usr/lib64]
  collapse library dir [/lib64] ==> [/lib64]
  collapse library dir [/lib/] ==> [/lib]
  collapse library dir [/usr/lib64] ==> [/usr/lib64]
  collapse library dir [/usr/lib] ==> [/usr/lib]
  collapse library dir [/glade/u/apps/opt/intel/2018u1/compilers_and_libraries_2018.1.163/linux/compiler/lib/intel64_lin] ==> [/glade/u/apps/opt/intel/2018u1/compilers_and_libraries_2018.1.163/linux/compiler/lib/intel64_lin]
  collapse library dir [/glade/u/apps/opt/intel/2018u1/compilers_and_libraries_2018.1.163/linux/compiler/lib/intel64_lin] ==> [/glade/u/apps/opt/intel/2018u1/compilers_and_libraries_2018.1.163/linux/compiler/lib/intel64_lin]
  implicit libs: [fftw2xf_double_intel;mkl_rt;mkl_lapack95_lp64;mkl_blas95_lp64;imf;m;pthread;netcdff;netcdf;hdf5hl_fortran;hdf5_hl;hdf5_fortran;hdf5;sz;z;imf;m;dl;imf;svml;irng;stdc++;m;ipgo;decimal;cilkrts;stdc++;gcc;gcc_s;irc;svml;c;gcc;gcc_s;irc_s;dl;c]
  implicit dirs: [/glade/u/apps/ch/opt/netcdf/4.6.1/intel/18.0.1/lib;/glade/u/apps/opt/intel/2018u1/compilers_and_libraries/linux/mkl/lib/intel64;/glade/u/apps/ch/opt/mklaux/intel/18.0.1;/glade/u/apps/opt/intel/2018u1/compilers_and_libraries/linux/lib/intel64_lin;/glade/u/apps/opt/intel/2018u1/compilers_and_libraries/linux/tbb/lib/intel64/gcc4.4;/glade/u/apps/opt/intel/2018u1/impi/2018.1.163/intel64/lib;/glade/u/apps/opt/intel/2018u1/compilers_and_libraries_2018.1.163/linux/compiler/lib/intel64_lin;/usr/lib64/gcc/x86_64-suse-linux/4.8;/usr/lib64;/lib64;/usr/x86_64-suse-linux/lib;/lib;/usr/lib]
  implicit fwks: []




Detecting CXX [-std=c++14] compiler features compiled with the following output:
Change Dir: /glade/u/home/junkyung/GSI/comGSIv3.7_EnKFv1.3/util/bufr_tools/CMakeFiles/CMakeTmp

Run Build Command:"/usr/bin/gmake" "cmTC_b7782/fast"
/usr/bin/gmake -f CMakeFiles/cmTC_b7782.dir/build.make CMakeFiles/cmTC_b7782.dir/build
gmake[1]: Entering directory '/glade/u/home/junkyung/GSI/comGSIv3.7_EnKFv1.3/util/bufr_tools/CMakeFiles/CMakeTmp'
Building CXX object CMakeFiles/cmTC_b7782.dir/feature_tests.cxx.o
/gpfs/u/apps/ch/opt/ncarcompilers/0.4.1/mpi/icpc    -std=c++14 -o CMakeFiles/cmTC_b7782.dir/feature_tests.cxx.o -c /glade/u/home/junkyung/GSI/comGSIv3.7_EnKFv1.3/util/bufr_tools/CMakeFiles/feature_tests.cxx
Linking CXX executable cmTC_b7782
/glade/u/apps/ch/opt/cmake/3.9.1/gnu/4.8.5/bin/cmake -E cmake_link_script CMakeFiles/cmTC_b7782.dir/link.txt --verbose=1
/gpfs/u/apps/ch/opt/ncarcompilers/0.4.1/mpi/icpc       -rdynamic CMakeFiles/cmTC_b7782.dir/feature_tests.cxx.o  -o cmTC_b7782 
gmake[1]: Leaving directory '/glade/u/home/junkyung/GSI/comGSIv3.7_EnKFv1.3/util/bufr_tools/CMakeFiles/CMakeTmp'


    Feature record: CXX_FEATURE:1cxx_aggregate_default_initializers
    Feature record: CXX_FEATURE:1cxx_alias_templates
    Feature record: CXX_FEATURE:1cxx_alignas
    Feature record: CXX_FEATURE:1cxx_alignof
    Feature record: CXX_FEATURE:1cxx_attributes
    Feature record: CXX_FEATURE:1cxx_attribute_deprecated
    Feature record: CXX_FEATURE:1cxx_auto_type
    Feature record: CXX_FEATURE:1cxx_binary_literals
    Feature record: CXX_FEATURE:1cxx_constexpr
    Feature record: CXX_FEATURE:1cxx_contextual_conversions
    Feature record: CXX_FEATURE:1cxx_decltype
    Feature record: CXX_FEATURE:1cxx_decltype_auto
    Feature record: CXX_FEATURE:1cxx_decltype_incomplete_return_types
    Feature record: CXX_FEATURE:1cxx_default_function_template_args
    Feature record: CXX_FEATURE:1cxx_defaulted_functions
    Feature record: CXX_FEATURE:1cxx_defaulted_move_initializers
    Feature record: CXX_FEATURE:1cxx_delegating_constructors
    Feature record: CXX_FEATURE:1cxx_deleted_functions
    Feature record: CXX_FEATURE:1cxx_digit_separators
    Feature record: CXX_FEATURE:1cxx_enum_forward_declarations
    Feature record: CXX_FEATURE:1cxx_explicit_conversions
    Feature record: CXX_FEATURE:1cxx_extended_friend_declarations
    Feature record: CXX_FEATURE:1cxx_extern_templates
    Feature record: CXX_FEATURE:1cxx_final
    Feature record: CXX_FEATURE:1cxx_func_identifier
    Feature record: CXX_FEATURE:1cxx_generic_lambdas
    Feature record: CXX_FEATURE:1cxx_inheriting_constructors
    Feature record: CXX_FEATURE:1cxx_inline_namespaces
    Feature record: CXX_FEATURE:1cxx_lambdas
    Feature record: CXX_FEATURE:1cxx_lambda_init_captures
    Feature record: CXX_FEATURE:1cxx_local_type_template_args
    Feature record: CXX_FEATURE:1cxx_long_long_type
    Feature record: CXX_FEATURE:1cxx_noexcept
    Feature record: CXX_FEATURE:1cxx_nonstatic_member_init
    Feature record: CXX_FEATURE:1cxx_nullptr
    Feature record: CXX_FEATURE:1cxx_override
    Feature record: CXX_FEATURE:1cxx_range_for
    Feature record: CXX_FEATURE:1cxx_raw_string_literals
    Feature record: CXX_FEATURE:1cxx_reference_qualified_functions
    Feature record: CXX_FEATURE:1cxx_relaxed_constexpr
    Feature record: CXX_FEATURE:1cxx_return_type_deduction
    Feature record: CXX_FEATURE:1cxx_right_angle_brackets
    Feature record: CXX_FEATURE:1cxx_rvalue_references
    Feature record: CXX_FEATURE:1cxx_sizeof_member
    Feature record: CXX_FEATURE:1cxx_static_assert
    Feature record: CXX_FEATURE:1cxx_strong_enums
    Feature record: CXX_FEATURE:1cxx_template_template_parameters
    Feature record: CXX_FEATURE:1cxx_thread_local
    Feature record: CXX_FEATURE:1cxx_trailing_return_types
    Feature record: CXX_FEATURE:1cxx_unicode_literals
    Feature record: CXX_FEATURE:1cxx_uniform_initialization
    Feature record: CXX_FEATURE:1cxx_unrestricted_unions
    Feature record: CXX_FEATURE:1cxx_user_literals
    Feature record: CXX_FEATURE:1cxx_variable_templates
    Feature record: CXX_FEATURE:1cxx_variadic_macros
    Feature record: CXX_FEATURE:1cxx_variadic_templates


Detecting CXX [-std=c++11] compiler features compiled with the following output:
Change Dir: /glade/u/home/junkyung/GSI/comGSIv3.7_EnKFv1.3/util/bufr_tools/CMakeFiles/CMakeTmp

Run Build Command:"/usr/bin/gmake" "cmTC_7faab/fast"
/usr/bin/gmake -f CMakeFiles/cmTC_7faab.dir/build.make CMakeFiles/cmTC_7faab.dir/build
gmake[1]: Entering directory '/glade/u/home/junkyung/GSI/comGSIv3.7_EnKFv1.3/util/bufr_tools/CMakeFiles/CMakeTmp'
Building CXX object CMakeFiles/cmTC_7faab.dir/feature_tests.cxx.o
/gpfs/u/apps/ch/opt/ncarcompilers/0.4.1/mpi/icpc    -std=c++11 -o CMakeFiles/cmTC_7faab.dir/feature_tests.cxx.o -c /glade/u/home/junkyung/GSI/comGSIv3.7_EnKFv1.3/util/bufr_tools/CMakeFiles/feature_tests.cxx
Linking CXX executable cmTC_7faab
/glade/u/apps/ch/opt/cmake/3.9.1/gnu/4.8.5/bin/cmake -E cmake_link_script CMakeFiles/cmTC_7faab.dir/link.txt --verbose=1
/gpfs/u/apps/ch/opt/ncarcompilers/0.4.1/mpi/icpc       -rdynamic CMakeFiles/cmTC_7faab.dir/feature_tests.cxx.o  -o cmTC_7faab 
gmake[1]: Leaving directory '/glade/u/home/junkyung/GSI/comGSIv3.7_EnKFv1.3/util/bufr_tools/CMakeFiles/CMakeTmp'


    Feature record: CXX_FEATURE:0cxx_aggregate_default_initializers
    Feature record: CXX_FEATURE:1cxx_alias_templates
    Feature record: CXX_FEATURE:1cxx_alignas
    Feature record: CXX_FEATURE:1cxx_alignof
    Feature record: CXX_FEATURE:1cxx_attributes
    Feature record: CXX_FEATURE:0cxx_attribute_deprecated
    Feature record: CXX_FEATURE:1cxx_auto_type
    Feature record: CXX_FEATURE:1cxx_binary_literals
    Feature record: CXX_FEATURE:1cxx_constexpr
    Feature record: CXX_FEATURE:0cxx_contextual_conversions
    Feature record: CXX_FEATURE:1cxx_decltype
    Feature record: CXX_FEATURE:0cxx_decltype_auto
    Feature record: CXX_FEATURE:1cxx_decltype_incomplete_return_types
    Feature record: CXX_FEATURE:1cxx_default_function_template_args
    Feature record: CXX_FEATURE:1cxx_defaulted_functions
    Feature record: CXX_FEATURE:1cxx_defaulted_move_initializers
    Feature record: CXX_FEATURE:1cxx_delegating_constructors
    Feature record: CXX_FEATURE:1cxx_deleted_functions
    Feature record: CXX_FEATURE:0cxx_digit_separators
    Feature record: CXX_FEATURE:1cxx_enum_forward_declarations
    Feature record: CXX_FEATURE:1cxx_explicit_conversions
    Feature record: CXX_FEATURE:1cxx_extended_friend_declarations
    Feature record: CXX_FEATURE:1cxx_extern_templates
    Feature record: CXX_FEATURE:1cxx_final
    Feature record: CXX_FEATURE:1cxx_func_identifier
    Feature record: CXX_FEATURE:0cxx_generic_lambdas
    Feature record: CXX_FEATURE:1cxx_inheriting_constructors
    Feature record: CXX_FEATURE:1cxx_inline_namespaces
    Feature record: CXX_FEATURE:1cxx_lambdas
    Feature record: CXX_FEATURE:0cxx_lambda_init_captures
    Feature record: CXX_FEATURE:1cxx_local_type_template_args
    Feature record: CXX_FEATURE:1cxx_long_long_type
    Feature record: CXX_FEATURE:1cxx_noexcept
    Feature record: CXX_FEATURE:1cxx_nonstatic_member_init
    Feature record: CXX_FEATURE:1cxx_nullptr
    Feature record: CXX_FEATURE:1cxx_override
    Feature record: CXX_FEATURE:1cxx_range_for
    Feature record: CXX_FEATURE:1cxx_raw_string_literals
    Feature record: CXX_FEATURE:1cxx_reference_qualified_functions
    Feature record: CXX_FEATURE:0cxx_relaxed_constexpr
    Feature record: CXX_FEATURE:1cxx_return_type_deduction
    Feature record: CXX_FEATURE:1cxx_right_angle_brackets
    Feature record: CXX_FEATURE:1cxx_rvalue_references
    Feature record: CXX_FEATURE:1cxx_sizeof_member
    Feature record: CXX_FEATURE:1cxx_static_assert
    Feature record: CXX_FEATURE:1cxx_strong_enums
    Feature record: CXX_FEATURE:1cxx_template_template_parameters
    Feature record: CXX_FEATURE:1cxx_thread_local
    Feature record: CXX_FEATURE:1cxx_trailing_return_types
    Feature record: CXX_FEATURE:1cxx_unicode_literals
    Feature record: CXX_FEATURE:1cxx_uniform_initialization
    Feature record: CXX_FEATURE:1cxx_unrestricted_unions
    Feature record: CXX_FEATURE:1cxx_user_literals
    Feature record: CXX_FEATURE:0cxx_variable_templates
    Feature record: CXX_FEATURE:1cxx_variadic_macros
    Feature record: CXX_FEATURE:1cxx_variadic_templates


Detecting CXX [-std=c++98] compiler features compiled with the following output:
Change Dir: /glade/u/home/junkyung/GSI/comGSIv3.7_EnKFv1.3/util/bufr_tools/CMakeFiles/CMakeTmp

Run Build Command:"/usr/bin/gmake" "cmTC_c71d5/fast"
/usr/bin/gmake -f CMakeFiles/cmTC_c71d5.dir/build.make CMakeFiles/cmTC_c71d5.dir/build
gmake[1]: Entering directory '/glade/u/home/junkyung/GSI/comGSIv3.7_EnKFv1.3/util/bufr_tools/CMakeFiles/CMakeTmp'
Building CXX object CMakeFiles/cmTC_c71d5.dir/feature_tests.cxx.o
/gpfs/u/apps/ch/opt/ncarcompilers/0.4.1/mpi/icpc    -std=c++98 -o CMakeFiles/cmTC_c71d5.dir/feature_tests.cxx.o -c /glade/u/home/junkyung/GSI/comGSIv3.7_EnKFv1.3/util/bufr_tools/CMakeFiles/feature_tests.cxx
Linking CXX executable cmTC_c71d5
/glade/u/apps/ch/opt/cmake/3.9.1/gnu/4.8.5/bin/cmake -E cmake_link_script CMakeFiles/cmTC_c71d5.dir/link.txt --verbose=1
/gpfs/u/apps/ch/opt/ncarcompilers/0.4.1/mpi/icpc       -rdynamic CMakeFiles/cmTC_c71d5.dir/feature_tests.cxx.o  -o cmTC_c71d5 
gmake[1]: Leaving directory '/glade/u/home/junkyung/GSI/comGSIv3.7_EnKFv1.3/util/bufr_tools/CMakeFiles/CMakeTmp'


    Feature record: CXX_FEATURE:0cxx_aggregate_default_initializers
    Feature record: CXX_FEATURE:0cxx_alias_templates
    Feature record: CXX_FEATURE:0cxx_alignas
    Feature record: CXX_FEATURE:0cxx_alignof
    Feature record: CXX_FEATURE:0cxx_attributes
    Feature record: CXX_FEATURE:0cxx_attribute_deprecated
    Feature record: CXX_FEATURE:0cxx_auto_type
    Feature record: CXX_FEATURE:1cxx_binary_literals
    Feature record: CXX_FEATURE:0cxx_constexpr
    Feature record: CXX_FEATURE:0cxx_contextual_conversions
    Feature record: CXX_FEATURE:0cxx_decltype
    Feature record: CXX_FEATURE:0cxx_decltype_auto
    Feature record: CXX_FEATURE:0cxx_decltype_incomplete_return_types
    Feature record: CXX_FEATURE:0cxx_default_function_template_args
    Feature record: CXX_FEATURE:0cxx_defaulted_functions
    Feature record: CXX_FEATURE:0cxx_defaulted_move_initializers
    Feature record: CXX_FEATURE:0cxx_delegating_constructors
    Feature record: CXX_FEATURE:0cxx_deleted_functions
    Feature record: CXX_FEATURE:0cxx_digit_separators
    Feature record: CXX_FEATURE:0cxx_enum_forward_declarations
    Feature record: CXX_FEATURE:0cxx_explicit_conversions
    Feature record: CXX_FEATURE:0cxx_extended_friend_declarations
    Feature record: CXX_FEATURE:0cxx_extern_templates
    Feature record: CXX_FEATURE:0cxx_final
    Feature record: CXX_FEATURE:0cxx_func_identifier
    Feature record: CXX_FEATURE:0cxx_generic_lambdas
    Feature record: CXX_FEATURE:0cxx_inheriting_constructors
    Feature record: CXX_FEATURE:0cxx_inline_namespaces
    Feature record: CXX_FEATURE:0cxx_lambdas
    Feature record: CXX_FEATURE:0cxx_lambda_init_captures
    Feature record: CXX_FEATURE:0cxx_local_type_template_args
    Feature record: CXX_FEATURE:0cxx_long_long_type
    Feature record: CXX_FEATURE:0cxx_noexcept
    Feature record: CXX_FEATURE:0cxx_nonstatic_member_init
    Feature record: CXX_FEATURE:0cxx_nullptr
    Feature record: CXX_FEATURE:0cxx_override
    Feature record: CXX_FEATURE:0cxx_range_for
    Feature record: CXX_FEATURE:0cxx_raw_string_literals
    Feature record: CXX_FEATURE:0cxx_reference_qualified_functions
    Feature record: CXX_FEATURE:0cxx_relaxed_constexpr
    Feature record: CXX_FEATURE:0cxx_return_type_deduction
    Feature record: CXX_FEATURE:0cxx_right_angle_brackets
    Feature record: CXX_FEATURE:0cxx_rvalue_references
    Feature record: CXX_FEATURE:0cxx_sizeof_member
    Feature record: CXX_FEATURE:0cxx_static_assert
    Feature record: CXX_FEATURE:0cxx_strong_enums
    Feature record: CXX_FEATURE:0cxx_template_template_parameters
    Feature record: CXX_FEATURE:0cxx_thread_local
    Feature record: CXX_FEATURE:0cxx_trailing_return_types
    Feature record: CXX_FEATURE:0cxx_unicode_literals
    Feature record: CXX_FEATURE:0cxx_uniform_initialization
    Feature record: CXX_FEATURE:0cxx_unrestricted_unions
    Feature record: CXX_FEATURE:0cxx_user_literals
    Feature record: CXX_FEATURE:0cxx_variable_templates
    Feature record: CXX_FEATURE:0cxx_variadic_macros
    Feature record: CXX_FEATURE:0cxx_variadic_templates
